2025-06-14 21:11:32,936 - __main__ - INFO - Running with Ngrok tunnel
2025-06-14 21:11:32,936 - __main__ - INFO - Setting up Ngrok tunnel...
2025-06-14 21:11:33,107 - __main__ - INFO - Starting Ngrok tunnel on port 5000
2025-06-14 21:11:35,938 - __main__ - INFO - Starting TradingView to MT5 Bridge...
2025-06-14 21:11:35,938 - __main__ - INFO - 
MT5 Configuration:
- Account: 271395506
- Server: Exness-MT5Trial14
- Path: C:\Program Files\MetaTrader 5 EXNESS EURUSD\terminal64.exe
- Symbol Suffix: BTCUSD

Trading Parameters:
- Default Volume: 0.01
- Default Stop Loss: 100
- Default Take Profit: 200

Server Configuration:
- Host: 0.0.0.0
- Port: 5000
- Debug: True

2025-06-14 21:11:35,938 - __main__ - INFO - Initializing MT5 connection...
2025-06-14 21:11:35,940 - app.mt5_handler - INFO - Successfully connected to MT5
2025-06-14 21:11:35,940 - __main__ - INFO - MT5 connection successful!
2025-06-14 21:11:35,940 - __main__ - INFO - Starting Flask server on 0.0.0.0:5000
2025-06-14 21:11:35,961 - werkzeug - INFO - [31m[1mWARNING: This is a development server. Do not use it in a production deployment. Use a production WSGI server instead.[0m
 * Running on all addresses (0.0.0.0)
 * Running on http://127.0.0.1:5000
 * Running on http://192.168.1.166:5000
2025-06-14 21:11:35,961 - werkzeug - INFO - [33mPress CTRL+C to quit[0m
2025-06-14 21:11:35,963 - werkzeug - INFO -  * Restarting with stat
2025-06-14 21:11:36,228 - __main__ - INFO - Running with Ngrok tunnel
2025-06-14 21:11:36,228 - __main__ - INFO - Setting up Ngrok tunnel...
2025-06-14 21:11:36,391 - __main__ - INFO - Starting Ngrok tunnel on port 5000
2025-06-14 21:11:39,230 - __main__ - INFO - Starting TradingView to MT5 Bridge...
2025-06-14 21:11:39,230 - __main__ - INFO - 
MT5 Configuration:
- Account: 271395506
- Server: Exness-MT5Trial14
- Path: C:\Program Files\MetaTrader 5 EXNESS EURUSD\terminal64.exe
- Symbol Suffix: BTCUSD

Trading Parameters:
- Default Volume: 0.01
- Default Stop Loss: 100
- Default Take Profit: 200

Server Configuration:
- Host: 0.0.0.0
- Port: 5000
- Debug: True

2025-06-14 21:11:39,230 - __main__ - INFO - Initializing MT5 connection...
2025-06-14 21:11:39,231 - app.mt5_handler - INFO - Successfully connected to MT5
2025-06-14 21:11:39,232 - __main__ - INFO - MT5 connection successful!
2025-06-14 21:11:39,232 - __main__ - INFO - Starting Flask server on 0.0.0.0:5000
2025-06-14 21:11:39,242 - werkzeug - WARNING -  * Debugger is active!
2025-06-14 21:11:39,243 - werkzeug - INFO -  * Debugger PIN: 364-012-285
2025-06-14 21:11:40,152 - __main__ - INFO - Ngrok tunnel active!
2025-06-14 21:11:40,152 - __main__ - INFO - Webhook URL: https://9428-2001-fb1-cf-fd11-f34a-31c0-6b48-7d0a.ngrok-free.app/trade
2025-06-14 21:11:40,152 - __main__ - INFO - Webhook URL saved to: webhook_url.txt
2025-06-14 21:11:43,438 - __main__ - INFO - Ngrok tunnel active!
2025-06-14 21:11:43,438 - __main__ - INFO - Webhook URL: https://9428-2001-fb1-cf-fd11-f34a-31c0-6b48-7d0a.ngrok-free.app/trade
2025-06-14 21:11:43,438 - __main__ - INFO - Webhook URL saved to: webhook_url.txt
2025-06-14 21:16:02,193 - app.server - INFO - Received webhook: {{ buy }} 0.2 BTCUSD
2025-06-14 21:16:02,193 - app.server - ERROR - Unknown action: {{ buy }}
2025-06-14 21:16:02,193 - werkzeug - INFO - 127.0.0.1 - - [14/Jun/2025 21:16:02] "[31m[1mPOST /trade HTTP/1.1[0m" 400 -
2025-06-14 21:18:02,042 - app.server - INFO - Received webhook: buy 0.2 BTCUSD
2025-06-14 21:18:02,042 - app.mt5_handler - ERROR - Symbol BTCUSDBTCUSD not found
2025-06-14 21:18:02,043 - app.server - ERROR - Failed to process order
2025-06-14 21:18:02,043 - werkzeug - INFO - 127.0.0.1 - - [14/Jun/2025 21:18:02] "[35m[1mPOST /trade HTTP/1.1[0m" 500 -
2025-06-14 21:18:07,670 - app.server - INFO - Received webhook: buy 0.2 BTCUSD
2025-06-14 21:18:07,670 - app.mt5_handler - ERROR - Symbol BTCUSDBTCUSD not found
2025-06-14 21:18:07,670 - app.server - ERROR - Failed to process order
2025-06-14 21:18:07,670 - werkzeug - INFO - 127.0.0.1 - - [14/Jun/2025 21:18:07] "[35m[1mPOST /trade HTTP/1.1[0m" 500 -
2025-06-14 21:18:13,518 - app.server - INFO - Received webhook: buy 0.2 BTCUSD
2025-06-14 21:18:13,518 - app.mt5_handler - ERROR - Symbol BTCUSDBTCUSD not found
2025-06-14 21:18:13,518 - app.server - ERROR - Failed to process order
2025-06-14 21:18:13,519 - werkzeug - INFO - 127.0.0.1 - - [14/Jun/2025 21:18:13] "[35m[1mPOST /trade HTTP/1.1[0m" 500 -
2025-06-14 21:18:18,963 - app.server - INFO - Received webhook: buy 0.2 BTCUSD
2025-06-14 21:18:18,963 - app.mt5_handler - ERROR - Symbol BTCUSDBTCUSD not found
2025-06-14 21:18:18,963 - app.server - ERROR - Failed to process order
2025-06-14 21:18:18,964 - werkzeug - INFO - 127.0.0.1 - - [14/Jun/2025 21:18:18] "[35m[1mPOST /trade HTTP/1.1[0m" 500 -
2025-06-14 21:23:02,161 - app.server - INFO - Received webhook: buy 0.2 BTCUSD
2025-06-14 21:23:02,161 - app.mt5_handler - ERROR - Symbol BTCUSDBTCUSD not found
2025-06-14 21:23:02,161 - app.server - ERROR - Failed to process order
2025-06-14 21:23:02,162 - werkzeug - INFO - 127.0.0.1 - - [14/Jun/2025 21:23:02] "[35m[1mPOST /trade HTTP/1.1[0m" 500 -
2025-06-14 21:23:07,616 - app.server - INFO - Received webhook: buy 0.2 BTCUSD
2025-06-14 21:23:07,617 - app.mt5_handler - ERROR - Symbol BTCUSDBTCUSD not found
2025-06-14 21:23:07,617 - app.server - ERROR - Failed to process order
2025-06-14 21:23:07,617 - werkzeug - INFO - 127.0.0.1 - - [14/Jun/2025 21:23:07] "[35m[1mPOST /trade HTTP/1.1[0m" 500 -
2025-06-14 21:23:13,056 - app.server - INFO - Received webhook: buy 0.2 BTCUSD
2025-06-14 21:23:13,056 - app.mt5_handler - ERROR - Symbol BTCUSDBTCUSD not found
2025-06-14 21:23:13,056 - app.server - ERROR - Failed to process order
2025-06-14 21:23:13,056 - werkzeug - INFO - 127.0.0.1 - - [14/Jun/2025 21:23:13] "[35m[1mPOST /trade HTTP/1.1[0m" 500 -
2025-06-14 21:24:25,521 - __main__ - INFO - Running with Ngrok tunnel
2025-06-14 21:24:25,522 - __main__ - INFO - Setting up Ngrok tunnel...
2025-06-14 21:24:25,688 - __main__ - INFO - Starting Ngrok tunnel on port 5000
2025-06-14 21:24:28,523 - __main__ - INFO - Starting TradingView to MT5 Bridge...
2025-06-14 21:24:28,523 - __main__ - INFO - 
MT5 Configuration:
- Account: 271395506
- Server: Exness-MT5Trial14
- Path: C:\Program Files\MetaTrader 5 EXNESS EURUSD\terminal64.exe
- Symbol Suffix: 

Trading Parameters:
- Default Volume: 0.01
- Default Stop Loss: 100
- Default Take Profit: 200

Server Configuration:
- Host: 0.0.0.0
- Port: 5000
- Debug: True

2025-06-14 21:24:28,523 - __main__ - INFO - Initializing MT5 connection...
2025-06-14 21:24:28,524 - app.mt5_handler - INFO - Successfully connected to MT5
2025-06-14 21:24:28,525 - __main__ - INFO - MT5 connection successful!
2025-06-14 21:24:28,525 - __main__ - INFO - Starting Flask server on 0.0.0.0:5000
2025-06-14 21:24:28,542 - werkzeug - INFO - [31m[1mWARNING: This is a development server. Do not use it in a production deployment. Use a production WSGI server instead.[0m
 * Running on all addresses (0.0.0.0)
 * Running on http://127.0.0.1:5000
 * Running on http://192.168.1.166:5000
2025-06-14 21:24:28,543 - werkzeug - INFO - [33mPress CTRL+C to quit[0m
2025-06-14 21:24:28,545 - werkzeug - INFO -  * Restarting with stat
2025-06-14 21:24:28,806 - __main__ - INFO - Running with Ngrok tunnel
2025-06-14 21:24:28,806 - __main__ - INFO - Setting up Ngrok tunnel...
2025-06-14 21:24:28,970 - __main__ - INFO - Starting Ngrok tunnel on port 5000
2025-06-14 21:24:31,808 - __main__ - INFO - Starting TradingView to MT5 Bridge...
2025-06-14 21:24:31,808 - __main__ - INFO - 
MT5 Configuration:
- Account: 271395506
- Server: Exness-MT5Trial14
- Path: C:\Program Files\MetaTrader 5 EXNESS EURUSD\terminal64.exe
- Symbol Suffix: 

Trading Parameters:
- Default Volume: 0.01
- Default Stop Loss: 100
- Default Take Profit: 200

Server Configuration:
- Host: 0.0.0.0
- Port: 5000
- Debug: True

2025-06-14 21:24:31,808 - __main__ - INFO - Initializing MT5 connection...
2025-06-14 21:24:31,811 - app.mt5_handler - INFO - Successfully connected to MT5
2025-06-14 21:24:31,811 - __main__ - INFO - MT5 connection successful!
2025-06-14 21:24:31,812 - __main__ - INFO - Starting Flask server on 0.0.0.0:5000
2025-06-14 21:24:31,822 - werkzeug - WARNING -  * Debugger is active!
2025-06-14 21:24:31,824 - werkzeug - INFO -  * Debugger PIN: 364-012-285
2025-06-14 21:24:32,740 - __main__ - INFO - Ngrok tunnel active!
2025-06-14 21:24:32,741 - __main__ - INFO - Webhook URL: https://2a70-2001-fb1-cf-fd11-f34a-31c0-6b48-7d0a.ngrok-free.app/trade
2025-06-14 21:24:32,741 - __main__ - INFO - Webhook URL saved to: webhook_url.txt
2025-06-14 21:24:36,034 - __main__ - INFO - Ngrok tunnel active!
2025-06-14 21:24:36,034 - __main__ - INFO - Webhook URL: https://2a70-2001-fb1-cf-fd11-f34a-31c0-6b48-7d0a.ngrok-free.app/trade
2025-06-14 21:24:36,035 - __main__ - INFO - Webhook URL saved to: webhook_url.txt
2025-06-14 21:26:02,130 - app.server - INFO - Received webhook: buy 0.2 BTCUSD
2025-06-14 21:26:02,347 - app.mt5_handler - INFO - Order executed successfully: BUY 0.2 BTCUSD at 105099.59
2025-06-14 21:26:02,347 - app.server - INFO - Order result: {'action': 'buy', 'symbol': 'BTCUSD', 'volume': 0.2, 'price': 105099.59, 'ticket': 1000721321, 'success': True}
2025-06-14 21:26:02,347 - werkzeug - INFO - 127.0.0.1 - - [14/Jun/2025 21:26:02] "POST /trade HTTP/1.1" 200 -
2025-06-14 21:28:02,072 - app.server - INFO - Received webhook: buy 0.2 BTCUSD
2025-06-14 21:28:02,303 - app.mt5_handler - INFO - Order executed successfully: BUY 0.2 BTCUSD at 105059.68
2025-06-14 21:28:02,305 - app.server - INFO - Order result: {'action': 'buy', 'symbol': 'BTCUSD', 'volume': 0.2, 'price': 105059.68, 'ticket': 1000723654, 'success': True}
2025-06-14 21:28:02,306 - werkzeug - INFO - 127.0.0.1 - - [14/Jun/2025 21:28:02] "POST /trade HTTP/1.1" 200 -
2025-06-14 21:41:03,015 - app.server - INFO - Received webhook: close 0.1 BTCUSD
2025-06-14 21:41:03,015 - app.mt5_handler - INFO - Closing 0.1 lots for BTCUSD
2025-06-14 21:41:03,234 - app.mt5_handler - INFO - Closed 0.1 lots from position 1000721321
2025-06-14 21:41:03,235 - app.server - INFO - Order result: {'action': 'close', 'closed_positions': [1000721321], 'volume': 0.1}
2025-06-14 21:41:03,235 - werkzeug - INFO - 127.0.0.1 - - [14/Jun/2025 21:41:03] "POST /trade HTTP/1.1" 200 -
2025-06-14 21:44:02,456 - app.server - INFO - Received webhook: close 0.2 BTCUSD
2025-06-14 21:44:02,456 - app.mt5_handler - INFO - Closing 0.2 lots for BTCUSD
2025-06-14 21:44:02,673 - app.mt5_handler - INFO - Closed 0.1 lots from position 1000721321
2025-06-14 21:44:02,894 - app.mt5_handler - INFO - Closed 0.1 lots from position 1000723654
2025-06-14 21:44:02,894 - app.server - INFO - Order result: {'action': 'close', 'closed_positions': [1000721321, 1000723654], 'volume': 0.2}
2025-06-14 21:44:02,895 - werkzeug - INFO - 127.0.0.1 - - [14/Jun/2025 21:44:02] "POST /trade HTTP/1.1" 200 -
2025-06-14 21:46:01,878 - app.server - INFO - Received webhook: sell 0.2 BTCUSD
2025-06-14 21:46:01,878 - app.mt5_handler - INFO - Closing all buy positions for BTCUSD before opening sell
2025-06-14 21:46:02,067 - app.mt5_handler - INFO - Closed position 1000723654
2025-06-14 21:46:02,278 - app.mt5_handler - INFO - Order executed successfully: SELL 0.2 BTCUSD at 104943.32
2025-06-14 21:46:02,279 - app.server - INFO - Order result: {'action': 'sell', 'symbol': 'BTCUSD', 'volume': 0.2, 'price': 104943.32, 'ticket': 1000753481, 'success': True}
2025-06-14 21:46:02,279 - werkzeug - INFO - 127.0.0.1 - - [14/Jun/2025 21:46:02] "POST /trade HTTP/1.1" 200 -
2025-06-14 21:47:01,630 - app.server - INFO - Received webhook: sell 0.2 BTCUSD
2025-06-14 21:47:01,830 - app.mt5_handler - INFO - Order executed successfully: SELL 0.2 BTCUSD at 104914.22
2025-06-14 21:47:01,830 - app.server - INFO - Order result: {'action': 'sell', 'symbol': 'BTCUSD', 'volume': 0.2, 'price': 104914.22, 'ticket': 1000755012, 'success': True}
2025-06-14 21:47:01,831 - werkzeug - INFO - 127.0.0.1 - - [14/Jun/2025 21:47:01] "POST /trade HTTP/1.1" 200 -
2025-06-14 21:49:01,766 - app.server - INFO - Received webhook: buy 0.2 BTCUSD
2025-06-14 21:49:01,766 - app.mt5_handler - INFO - Closing all sell positions for BTCUSD before opening buy
2025-06-14 21:49:01,958 - app.mt5_handler - INFO - Closed position 1000753481
2025-06-14 21:49:02,161 - app.mt5_handler - INFO - Closed position 1000755012
2025-06-14 21:49:02,388 - app.mt5_handler - INFO - Order executed successfully: BUY 0.2 BTCUSD at 104936.44
2025-06-14 21:49:02,389 - app.server - INFO - Order result: {'action': 'buy', 'symbol': 'BTCUSD', 'volume': 0.2, 'price': 104936.44, 'ticket': 1000758194, 'success': True}
2025-06-14 21:49:02,390 - werkzeug - INFO - 127.0.0.1 - - [14/Jun/2025 21:49:02] "POST /trade HTTP/1.1" 200 -
2025-06-14 21:51:01,586 - app.server - INFO - Received webhook: buy 0.2 BTCUSD
2025-06-14 21:51:01,796 - app.mt5_handler - INFO - Order executed successfully: BUY 0.2 BTCUSD at 104938.74
2025-06-14 21:51:01,796 - app.server - INFO - Order result: {'action': 'buy', 'symbol': 'BTCUSD', 'volume': 0.2, 'price': 104938.74, 'ticket': 1000761673, 'success': True}
2025-06-14 21:51:01,797 - werkzeug - INFO - 127.0.0.1 - - [14/Jun/2025 21:51:01] "POST /trade HTTP/1.1" 200 -
2025-06-14 21:53:01,592 - app.server - INFO - Received webhook: buy 0.2 BTCUSD
2025-06-14 21:53:01,803 - app.mt5_handler - INFO - Order executed successfully: BUY 0.2 BTCUSD at 104974.62
2025-06-14 21:53:01,803 - app.server - INFO - Order result: {'action': 'buy', 'symbol': 'BTCUSD', 'volume': 0.2, 'price': 104974.62, 'ticket': 1000763525, 'success': True}
2025-06-14 21:53:01,804 - werkzeug - INFO - 127.0.0.1 - - [14/Jun/2025 21:53:01] "POST /trade HTTP/1.1" 200 -
2025-06-14 21:59:01,945 - app.server - INFO - Received webhook: close 0.3 BTCUSD
2025-06-14 21:59:01,945 - app.mt5_handler - INFO - Closing 0.3 lots for BTCUSD
2025-06-14 21:59:02,152 - app.mt5_handler - INFO - Closed 0.2 lots from position 1000758194
2025-06-14 21:59:02,156 - app.mt5_handler - ERROR - Error closing position 1000761673: 'NoneType' object has no attribute 'retcode'
2025-06-14 21:59:02,156 - app.mt5_handler - ERROR - Error closing position 1000763525: 'NoneType' object has no attribute 'retcode'
2025-06-14 21:59:02,156 - app.server - INFO - Order result: {'action': 'close', 'closed_positions': [1000758194], 'volume': 0.3}
2025-06-14 21:59:02,157 - werkzeug - INFO - 127.0.0.1 - - [14/Jun/2025 21:59:02] "POST /trade HTTP/1.1" 200 -
2025-06-14 22:01:01,783 - app.server - INFO - Received webhook: buy 0.25 BTCUSD
2025-06-14 22:01:01,972 - app.mt5_handler - INFO - Order executed successfully: BUY 0.25 BTCUSD at 104959.44
2025-06-14 22:01:01,972 - app.server - INFO - Order result: {'action': 'buy', 'symbol': 'BTCUSD', 'volume': 0.25, 'price': 104959.44, 'ticket': 1000771094, 'success': True}
2025-06-14 22:01:01,973 - werkzeug - INFO - 127.0.0.1 - - [14/Jun/2025 22:01:01] "POST /trade HTTP/1.1" 200 -
2025-06-14 22:09:02,760 - app.server - INFO - Received webhook: close 0.25 BTCUSD
2025-06-14 22:09:02,760 - app.mt5_handler - INFO - Closing 0.25 lots for BTCUSD
2025-06-14 22:09:02,990 - app.mt5_handler - INFO - Closed 0.2 lots from position 1000761673
2025-06-14 22:09:02,990 - app.mt5_handler - ERROR - Error closing position 1000763525: 'NoneType' object has no attribute 'retcode'
2025-06-14 22:09:02,990 - app.mt5_handler - ERROR - Error closing position 1000771094: 'NoneType' object has no attribute 'retcode'
2025-06-14 22:09:02,991 - app.server - INFO - Order result: {'action': 'close', 'closed_positions': [1000761673], 'volume': 0.25}
2025-06-14 22:09:02,993 - werkzeug - INFO - 127.0.0.1 - - [14/Jun/2025 22:09:02] "POST /trade HTTP/1.1" 200 -
2025-06-14 22:12:02,172 - app.server - INFO - Received webhook: close 0.05 BTCUSD
2025-06-14 22:12:02,172 - app.mt5_handler - INFO - Closing 0.05 lots for BTCUSD
2025-06-14 22:12:02,399 - app.mt5_handler - INFO - Closed 0.05 lots from position 1000763525
2025-06-14 22:12:02,400 - app.server - INFO - Order result: {'action': 'close', 'closed_positions': [1000763525], 'volume': 0.05}
2025-06-14 22:12:02,401 - werkzeug - INFO - 127.0.0.1 - - [14/Jun/2025 22:12:02] "POST /trade HTTP/1.1" 200 -
2025-06-14 22:15:02,835 - app.server - INFO - Received webhook: close 0.05 BTCUSD
2025-06-14 22:15:02,835 - app.mt5_handler - INFO - Closing 0.05 lots for BTCUSD
2025-06-14 22:15:03,040 - app.mt5_handler - INFO - Closed 0.05 lots from position 1000763525
2025-06-14 22:15:03,040 - app.server - INFO - Order result: {'action': 'close', 'closed_positions': [1000763525], 'volume': 0.05}
2025-06-14 22:15:03,040 - werkzeug - INFO - 127.0.0.1 - - [14/Jun/2025 22:15:03] "POST /trade HTTP/1.1" 200 -
2025-06-14 22:17:01,838 - app.server - INFO - Received webhook: close 0.05 BTCUSD
2025-06-14 22:17:01,838 - app.mt5_handler - INFO - Closing 0.05 lots for BTCUSD
2025-06-14 22:17:02,038 - app.mt5_handler - INFO - Closed 0.05 lots from position 1000763525
2025-06-14 22:17:02,039 - app.server - INFO - Order result: {'action': 'close', 'closed_positions': [1000763525], 'volume': 0.05}
2025-06-14 22:17:02,039 - werkzeug - INFO - 127.0.0.1 - - [14/Jun/2025 22:17:02] "POST /trade HTTP/1.1" 200 -
2025-06-14 22:18:01,543 - app.server - INFO - Received webhook: close 0.05 BTCUSD
2025-06-14 22:18:01,543 - app.mt5_handler - INFO - Closing 0.05 lots for BTCUSD
2025-06-14 22:18:01,756 - app.mt5_handler - INFO - Closed 0.05 lots from position 1000763525
2025-06-14 22:18:01,756 - app.server - INFO - Order result: {'action': 'close', 'closed_positions': [1000763525], 'volume': 0.05}
2025-06-14 22:18:01,756 - werkzeug - INFO - 127.0.0.1 - - [14/Jun/2025 22:18:01] "POST /trade HTTP/1.1" 200 -
2025-06-14 22:20:02,575 - app.server - INFO - Received webhook: close 0.05 BTCUSD
2025-06-14 22:20:02,575 - app.mt5_handler - INFO - Closing 0.05 lots for BTCUSD
2025-06-14 22:20:02,774 - app.mt5_handler - INFO - Closed 0.05 lots from position 1000771094
2025-06-14 22:20:02,775 - app.server - INFO - Order result: {'action': 'close', 'closed_positions': [1000771094], 'volume': 0.05}
2025-06-14 22:20:02,776 - werkzeug - INFO - 127.0.0.1 - - [14/Jun/2025 22:20:02] "POST /trade HTTP/1.1" 200 -
2025-06-14 22:24:01,434 - app.server - INFO - Received webhook: close 0.05 BTCUSD
2025-06-14 22:24:01,434 - app.mt5_handler - INFO - Closing 0.05 lots for BTCUSD
2025-06-14 22:24:01,657 - app.mt5_handler - INFO - Closed 0.05 lots from position 1000771094
2025-06-14 22:24:01,659 - app.server - INFO - Order result: {'action': 'close', 'closed_positions': [1000771094], 'volume': 0.05}
2025-06-14 22:24:01,661 - werkzeug - INFO - 127.0.0.1 - - [14/Jun/2025 22:24:01] "POST /trade HTTP/1.1" 200 -
2025-06-14 22:25:01,751 - app.server - INFO - Received webhook: sell 0.05 BTCUSD
2025-06-14 22:25:01,751 - app.mt5_handler - INFO - Closing all buy positions for BTCUSD before opening sell
2025-06-14 22:25:01,961 - app.mt5_handler - INFO - Closed position 1000771094
2025-06-14 22:25:02,160 - app.mt5_handler - INFO - Order executed successfully: SELL 0.05 BTCUSD at 104969.12
2025-06-14 22:25:02,160 - app.server - INFO - Order result: {'action': 'sell', 'symbol': 'BTCUSD', 'volume': 0.05, 'price': 104969.12, 'ticket': 1000797075, 'success': True}
2025-06-14 22:25:02,160 - werkzeug - INFO - 127.0.0.1 - - [14/Jun/2025 22:25:02] "POST /trade HTTP/1.1" 200 -
2025-06-14 22:26:03,372 - app.server - INFO - Received webhook: sell 0.05 BTCUSD
2025-06-14 22:26:03,561 - app.mt5_handler - INFO - Order executed successfully: SELL 0.05 BTCUSD at 104948.25
2025-06-14 22:26:03,562 - app.server - INFO - Order result: {'action': 'sell', 'symbol': 'BTCUSD', 'volume': 0.05, 'price': 104948.25, 'ticket': 1000797955, 'success': True}
2025-06-14 22:26:03,562 - werkzeug - INFO - 127.0.0.1 - - [14/Jun/2025 22:26:03] "POST /trade HTTP/1.1" 200 -
2025-06-14 22:30:05,126 - app.server - INFO - Received webhook: buy 0.05 BTCUSD
2025-06-14 22:30:05,126 - app.mt5_handler - INFO - Closing all sell positions for BTCUSD before opening buy
2025-06-14 22:30:05,353 - app.mt5_handler - INFO - Closed position 1000797075
2025-06-14 22:30:05,592 - app.mt5_handler - INFO - Closed position 1000797955
2025-06-14 22:30:05,794 - app.mt5_handler - INFO - Order executed successfully: BUY 0.05 BTCUSD at 104923.67
2025-06-14 22:30:05,795 - app.server - INFO - Order result: {'action': 'buy', 'symbol': 'BTCUSD', 'volume': 0.05, 'price': 104923.67, 'ticket': 1000806010, 'success': True}
2025-06-14 22:30:05,796 - werkzeug - INFO - 127.0.0.1 - - [14/Jun/2025 22:30:05] "POST /trade HTTP/1.1" 200 -
2025-06-14 22:31:02,471 - app.server - INFO - Received webhook: close 0.05 BTCUSD
2025-06-14 22:31:02,471 - app.mt5_handler - INFO - Closing 0.05 lots for BTCUSD
2025-06-14 22:31:02,688 - app.mt5_handler - INFO - Closed 0.05 lots from position 1000806010
2025-06-14 22:31:02,688 - app.server - INFO - Order result: {'action': 'close', 'closed_positions': [1000806010], 'volume': 0.05}
2025-06-14 22:31:02,688 - werkzeug - INFO - 127.0.0.1 - - [14/Jun/2025 22:31:02] "POST /trade HTTP/1.1" 200 -
2025-06-15 00:09:48,625 - __main__ - INFO - Running with Ngrok tunnel
2025-06-15 00:09:48,625 - __main__ - INFO - Setting up Ngrok tunnel...
2025-06-15 00:09:48,775 - __main__ - INFO - Starting Ngrok tunnel on port 5000
2025-06-15 00:09:51,627 - __main__ - INFO - Starting TradingView to MT5 Bridge...
2025-06-15 00:09:51,627 - __main__ - INFO - 
MT5 Configuration:
- Account: 271395506
- Server: Exness-MT5Trial14
- Path: C:\Program Files\MetaTrader 5 EXNESS EURUSD\terminal64.exe
- Symbol Suffix: BTCUSD

Trading Parameters:
- Default Volume: 0.01
- Default Stop Loss: 100
- Default Take Profit: 200

Server Configuration:
- Host: 0.0.0.0
- Port: 5000
- Debug: True

2025-06-15 00:09:51,627 - __main__ - INFO - Initializing MT5 connection...
2025-06-15 00:09:53,743 - app.mt5_handler - INFO - Successfully connected to MT5
2025-06-15 00:09:53,744 - __main__ - INFO - MT5 connection successful!
2025-06-15 00:09:53,744 - __main__ - INFO - Starting Flask server on 0.0.0.0:5000
2025-06-15 00:09:53,759 - werkzeug - INFO - [31m[1mWARNING: This is a development server. Do not use it in a production deployment. Use a production WSGI server instead.[0m
 * Running on all addresses (0.0.0.0)
 * Running on http://127.0.0.1:5000
 * Running on http://192.168.1.166:5000
2025-06-15 00:09:53,759 - werkzeug - INFO - [33mPress CTRL+C to quit[0m
2025-06-15 00:09:53,760 - werkzeug - INFO -  * Restarting with stat
2025-06-15 00:09:54,019 - __main__ - INFO - Running with Ngrok tunnel
2025-06-15 00:09:54,019 - __main__ - INFO - Setting up Ngrok tunnel...
2025-06-15 00:09:54,172 - __main__ - INFO - Starting Ngrok tunnel on port 5000
2025-06-15 00:09:55,825 - __main__ - INFO - Ngrok tunnel active!
2025-06-15 00:09:55,825 - __main__ - INFO - Webhook URL: https://acea-2001-fb1-cf-fd11-f34a-31c0-6b48-7d0a.ngrok-free.app/trade
2025-06-15 00:09:55,826 - __main__ - INFO - Webhook URL saved to: webhook_url.txt
2025-06-15 00:09:57,021 - __main__ - INFO - Starting TradingView to MT5 Bridge...
2025-06-15 00:09:57,021 - __main__ - INFO - 
MT5 Configuration:
- Account: 271395506
- Server: Exness-MT5Trial14
- Path: C:\Program Files\MetaTrader 5 EXNESS EURUSD\terminal64.exe
- Symbol Suffix: BTCUSD

Trading Parameters:
- Default Volume: 0.01
- Default Stop Loss: 100
- Default Take Profit: 200

Server Configuration:
- Host: 0.0.0.0
- Port: 5000
- Debug: True

2025-06-15 00:09:57,021 - __main__ - INFO - Initializing MT5 connection...
2025-06-15 00:09:57,023 - app.mt5_handler - INFO - Successfully connected to MT5
2025-06-15 00:09:57,023 - __main__ - INFO - MT5 connection successful!
2025-06-15 00:09:57,023 - __main__ - INFO - Starting Flask server on 0.0.0.0:5000
2025-06-15 00:09:57,035 - werkzeug - WARNING -  * Debugger is active!
2025-06-15 00:09:57,036 - werkzeug - INFO -  * Debugger PIN: 364-012-285
2025-06-15 00:10:01,231 - __main__ - INFO - Ngrok tunnel active!
2025-06-15 00:10:01,231 - __main__ - INFO - Webhook URL: https://acea-2001-fb1-cf-fd11-f34a-31c0-6b48-7d0a.ngrok-free.app/trade
2025-06-15 00:10:01,231 - __main__ - INFO - Webhook URL saved to: webhook_url.txt
2025-06-15 00:10:30,195 - __main__ - INFO - Running with Ngrok tunnel
2025-06-15 00:10:30,195 - __main__ - INFO - Setting up Ngrok tunnel...
2025-06-15 00:10:30,354 - __main__ - INFO - Starting Ngrok tunnel on port 5000
2025-06-15 00:10:33,197 - __main__ - INFO - Starting TradingView to MT5 Bridge...
2025-06-15 00:10:33,197 - __main__ - INFO - 
MT5 Configuration:
- Account: 271395506
- Server: Exness-MT5Trial14
- Path: C:\Program Files\MetaTrader 5 EXNESS EURUSD\terminal64.exe
- Symbol Suffix: 

Trading Parameters:
- Default Volume: 0.01
- Default Stop Loss: 100
- Default Take Profit: 200

Server Configuration:
- Host: 0.0.0.0
- Port: 5000
- Debug: True

2025-06-15 00:10:33,197 - __main__ - INFO - Initializing MT5 connection...
2025-06-15 00:10:33,199 - app.mt5_handler - INFO - Successfully connected to MT5
2025-06-15 00:10:33,199 - __main__ - INFO - MT5 connection successful!
2025-06-15 00:10:33,199 - __main__ - INFO - Starting Flask server on 0.0.0.0:5000
2025-06-15 00:10:33,217 - werkzeug - INFO - [31m[1mWARNING: This is a development server. Do not use it in a production deployment. Use a production WSGI server instead.[0m
 * Running on all addresses (0.0.0.0)
 * Running on http://127.0.0.1:5000
 * Running on http://192.168.1.166:5000
2025-06-15 00:10:33,217 - werkzeug - INFO - [33mPress CTRL+C to quit[0m
2025-06-15 00:10:33,219 - werkzeug - INFO -  * Restarting with stat
2025-06-15 00:10:33,478 - __main__ - INFO - Running with Ngrok tunnel
2025-06-15 00:10:33,478 - __main__ - INFO - Setting up Ngrok tunnel...
2025-06-15 00:10:33,622 - __main__ - INFO - Starting Ngrok tunnel on port 5000
2025-06-15 00:10:36,480 - __main__ - INFO - Starting TradingView to MT5 Bridge...
2025-06-15 00:10:36,480 - __main__ - INFO - 
MT5 Configuration:
- Account: 271395506
- Server: Exness-MT5Trial14
- Path: C:\Program Files\MetaTrader 5 EXNESS EURUSD\terminal64.exe
- Symbol Suffix: 

Trading Parameters:
- Default Volume: 0.01
- Default Stop Loss: 100
- Default Take Profit: 200

Server Configuration:
- Host: 0.0.0.0
- Port: 5000
- Debug: True

2025-06-15 00:10:36,480 - __main__ - INFO - Initializing MT5 connection...
2025-06-15 00:10:36,482 - app.mt5_handler - INFO - Successfully connected to MT5
2025-06-15 00:10:36,482 - __main__ - INFO - MT5 connection successful!
2025-06-15 00:10:36,482 - __main__ - INFO - Starting Flask server on 0.0.0.0:5000
2025-06-15 00:10:36,493 - werkzeug - WARNING -  * Debugger is active!
2025-06-15 00:10:36,495 - werkzeug - INFO -  * Debugger PIN: 364-012-285
2025-06-15 00:10:37,414 - __main__ - INFO - Ngrok tunnel active!
2025-06-15 00:10:37,415 - __main__ - INFO - Webhook URL: https://b234-2001-fb1-cf-fd11-f34a-31c0-6b48-7d0a.ngrok-free.app/trade
2025-06-15 00:10:37,415 - __main__ - INFO - Webhook URL saved to: webhook_url.txt
2025-06-15 00:10:40,686 - __main__ - INFO - Ngrok tunnel active!
2025-06-15 00:10:40,686 - __main__ - INFO - Webhook URL: https://b234-2001-fb1-cf-fd11-f34a-31c0-6b48-7d0a.ngrok-free.app/trade
2025-06-15 00:10:40,686 - __main__ - INFO - Webhook URL saved to: webhook_url.txt
2025-06-15 00:13:01,096 - app.server - INFO - Received webhook: sell 0.1 BTCUSD
2025-06-15 00:13:01,341 - app.mt5_handler - INFO - Order executed successfully: SELL 0.1 BTCUSD at 104600.94
2025-06-15 00:13:01,341 - app.server - INFO - Order result: {'action': 'sell', 'symbol': 'BTCUSD', 'volume': 0.1, 'price': 104600.94, 'ticket': 1001055633, 'success': True}
2025-06-15 00:13:01,341 - werkzeug - INFO - 127.0.0.1 - - [15/Jun/2025 00:13:01] "POST /trade HTTP/1.1" 200 -
2025-06-15 00:14:01,602 - app.server - INFO - Received webhook: close 0.05 BTCUSD
2025-06-15 00:14:01,602 - app.mt5_handler - INFO - Closing 0.05 lots for BTCUSD
2025-06-15 00:14:01,845 - app.mt5_handler - INFO - Closed 0.05 lots from position 1001055633
2025-06-15 00:14:01,845 - app.server - INFO - Order result: {'action': 'close', 'closed_positions': [1001055633], 'volume': 0.05}
2025-06-15 00:14:01,846 - werkzeug - INFO - 127.0.0.1 - - [15/Jun/2025 00:14:01] "POST /trade HTTP/1.1" 200 -
2025-06-15 00:15:02,239 - app.server - INFO - Received webhook: buy 0.15 BTCUSD
2025-06-15 00:15:02,239 - app.mt5_handler - INFO - Closing all sell positions for BTCUSD before opening buy
2025-06-15 00:15:02,452 - app.mt5_handler - INFO - Closed position 1001055633
2025-06-15 00:15:02,657 - app.mt5_handler - INFO - Order executed successfully: BUY 0.15 BTCUSD at 104641.3
2025-06-15 00:15:02,657 - app.server - INFO - Order result: {'action': 'buy', 'symbol': 'BTCUSD', 'volume': 0.15, 'price': 104641.3, 'ticket': 1001058649, 'success': True}
2025-06-15 00:15:02,658 - werkzeug - INFO - 127.0.0.1 - - [15/Jun/2025 00:15:02] "POST /trade HTTP/1.1" 200 -
2025-06-15 00:16:01,330 - app.server - INFO - Received webhook: buy 0.15 BTCUSD
2025-06-15 00:16:01,653 - app.mt5_handler - INFO - Order executed successfully: BUY 0.15 BTCUSD at 104687.08
2025-06-15 00:16:01,653 - app.server - INFO - Order result: {'action': 'buy', 'symbol': 'BTCUSD', 'volume': 0.15, 'price': 104687.08, 'ticket': 1001060413, 'success': True}
2025-06-15 00:16:01,655 - werkzeug - INFO - 127.0.0.1 - - [15/Jun/2025 00:16:01] "POST /trade HTTP/1.1" 200 -
2025-06-15 00:20:02,342 - app.server - INFO - Received webhook: buy 0.15 BTCUSD
2025-06-15 00:20:02,555 - app.mt5_handler - INFO - Order executed successfully: BUY 0.15 BTCUSD at 104647.28
2025-06-15 00:20:02,555 - app.server - INFO - Order result: {'action': 'buy', 'symbol': 'BTCUSD', 'volume': 0.15, 'price': 104647.28, 'ticket': 1001068561, 'success': True}
2025-06-15 00:20:02,555 - werkzeug - INFO - 127.0.0.1 - - [15/Jun/2025 00:20:02] "POST /trade HTTP/1.1" 200 -
2025-06-15 00:22:01,052 - app.server - INFO - Received webhook: buy 0.15 BTCUSD
2025-06-15 00:22:01,259 - app.mt5_handler - INFO - Order executed successfully: BUY 0.15 BTCUSD at 104721.67
2025-06-15 00:22:01,259 - app.server - INFO - Order result: {'action': 'buy', 'symbol': 'BTCUSD', 'volume': 0.15, 'price': 104721.67, 'ticket': 1001071140, 'success': True}
2025-06-15 00:22:01,263 - werkzeug - INFO - 127.0.0.1 - - [15/Jun/2025 00:22:01] "POST /trade HTTP/1.1" 200 -
2025-06-15 00:23:03,068 - app.server - INFO - Received webhook: buy 0.15 BTCUSD
2025-06-15 00:23:03,275 - app.mt5_handler - INFO - Order executed successfully: BUY 0.15 BTCUSD at 104684.15
2025-06-15 00:23:03,275 - app.server - INFO - Order result: {'action': 'buy', 'symbol': 'BTCUSD', 'volume': 0.15, 'price': 104684.15, 'ticket': 1001072396, 'success': True}
2025-06-15 00:23:03,276 - werkzeug - INFO - 127.0.0.1 - - [15/Jun/2025 00:23:03] "POST /trade HTTP/1.1" 200 -
2025-06-15 00:24:03,059 - app.server - INFO - Received webhook: sell 0.15 BTCUSD
2025-06-15 00:24:03,059 - app.mt5_handler - INFO - Closing all buy positions for BTCUSD before opening sell
2025-06-15 00:24:03,276 - app.mt5_handler - INFO - Closed position 1001058649
2025-06-15 00:24:03,477 - app.mt5_handler - INFO - Closed position 1001060413
2025-06-15 00:24:03,698 - app.mt5_handler - INFO - Closed position 1001068561
2025-06-15 00:24:03,896 - app.mt5_handler - INFO - Closed position 1001071140
2025-06-15 00:24:04,103 - app.mt5_handler - INFO - Closed position 1001072396
2025-06-15 00:24:04,298 - app.mt5_handler - INFO - Order executed successfully: SELL 0.15 BTCUSD at 104682.12
2025-06-15 00:24:04,299 - app.server - INFO - Order result: {'action': 'sell', 'symbol': 'BTCUSD', 'volume': 0.15, 'price': 104682.12, 'ticket': 1001073504, 'success': True}
2025-06-15 00:24:04,300 - werkzeug - INFO - 127.0.0.1 - - [15/Jun/2025 00:24:04] "POST /trade HTTP/1.1" 200 -
2025-06-15 00:29:01,034 - app.server - INFO - Received webhook: closs 0.05 BTCUSD
2025-06-15 00:29:01,035 - app.server - ERROR - Unknown action: closs
2025-06-15 00:29:01,035 - werkzeug - INFO - 127.0.0.1 - - [15/Jun/2025 00:29:01] "[31m[1mPOST /trade HTTP/1.1[0m" 400 -
2025-06-15 00:31:00,935 - app.server - INFO - Received webhook: closs 0.05 BTCUSD
2025-06-15 00:31:00,935 - app.server - ERROR - Unknown action: closs
2025-06-15 00:31:00,935 - werkzeug - INFO - 127.0.0.1 - - [15/Jun/2025 00:31:00] "[31m[1mPOST /trade HTTP/1.1[0m" 400 -
2025-06-15 00:33:01,415 - app.server - INFO - Received webhook: close 0.05 BTCUSD
2025-06-15 00:33:01,416 - app.mt5_handler - INFO - Closing 0.05 lots for BTCUSD
2025-06-15 00:33:01,616 - app.mt5_handler - INFO - Closed 0.05 lots from position 1001073504
2025-06-15 00:33:01,617 - app.server - INFO - Order result: {'action': 'close', 'closed_positions': [1001073504], 'volume': 0.05}
2025-06-15 00:33:01,617 - werkzeug - INFO - 127.0.0.1 - - [15/Jun/2025 00:33:01] "POST /trade HTTP/1.1" 200 -
2025-06-15 00:46:01,476 - app.server - INFO - Received webhook: close 0.05 BTCUSD
2025-06-15 00:46:01,476 - app.mt5_handler - INFO - Closing 0.05 lots for BTCUSD
2025-06-15 00:46:01,688 - app.mt5_handler - INFO - Closed 0.05 lots from position 1001073504
2025-06-15 00:46:01,688 - app.server - INFO - Order result: {'action': 'close', 'closed_positions': [1001073504], 'volume': 0.05}
2025-06-15 00:46:01,689 - werkzeug - INFO - 127.0.0.1 - - [15/Jun/2025 00:46:01] "POST /trade HTTP/1.1" 200 -
2025-06-15 00:50:01,324 - app.server - INFO - Received webhook: close 0.05 BTCUSD
2025-06-15 00:50:01,324 - app.mt5_handler - INFO - Closing 0.05 lots for BTCUSD
2025-06-15 00:50:01,537 - app.mt5_handler - INFO - Closed 0.05 lots from position 1001073504
2025-06-15 00:50:01,537 - app.server - INFO - Order result: {'action': 'close', 'closed_positions': [1001073504], 'volume': 0.05}
2025-06-15 00:50:01,538 - werkzeug - INFO - 127.0.0.1 - - [15/Jun/2025 00:50:01] "POST /trade HTTP/1.1" 200 -
2025-06-17 23:28:10,198 - __main__ - INFO - Running with Ngrok tunnel
2025-06-17 23:28:10,198 - __main__ - INFO - Setting up Ngrok tunnel...
2025-06-17 23:28:10,380 - __main__ - INFO - Starting Ngrok tunnel on port 5000
2025-06-17 23:28:13,200 - __main__ - INFO - Starting TradingView to MT5 Bridge...
2025-06-17 23:28:13,200 - __main__ - INFO - 
MT5 Configuration:
- Account: 271395506
- Server: Exness-MT5Trial14
- Path: C:\Program Files\MetaTrader 5 EXNESS EURUSD\terminal64.exe
- Symbol Suffix: 

Trading Parameters:
- Default Volume: 0.01
- Default Stop Loss: 100
- Default Take Profit: 200

Server Configuration:
- Host: 0.0.0.0
- Port: 5000
- Debug: True

2025-06-17 23:28:13,200 - __main__ - INFO - Initializing MT5 connection...
2025-06-17 23:28:15,324 - app.mt5_handler - INFO - Successfully connected to MT5
2025-06-17 23:28:15,324 - __main__ - INFO - MT5 connection successful!
2025-06-17 23:28:15,324 - __main__ - INFO - Starting Flask server on 0.0.0.0:5000
2025-06-17 23:28:15,363 - werkzeug - INFO - [31m[1mWARNING: This is a development server. Do not use it in a production deployment. Use a production WSGI server instead.[0m
 * Running on all addresses (0.0.0.0)
 * Running on http://127.0.0.1:5000
 * Running on http://192.168.1.166:5000
2025-06-17 23:28:15,363 - werkzeug - INFO - [33mPress CTRL+C to quit[0m
2025-06-17 23:28:15,366 - werkzeug - INFO -  * Restarting with stat
2025-06-17 23:28:15,653 - __main__ - INFO - Running with Ngrok tunnel
2025-06-17 23:28:15,654 - __main__ - INFO - Setting up Ngrok tunnel...
2025-06-17 23:28:15,813 - __main__ - INFO - Starting Ngrok tunnel on port 5000
2025-06-17 23:28:17,441 - __main__ - INFO - Ngrok tunnel active!
2025-06-17 23:28:17,441 - __main__ - INFO - Webhook URL: https://2274-2001-fb1-cf-fd11-81a-3ae6-f94c-dd60.ngrok-free.app/trade
2025-06-17 23:28:17,441 - __main__ - INFO - Webhook URL saved to: webhook_url.txt
2025-06-17 23:28:18,655 - __main__ - INFO - Starting TradingView to MT5 Bridge...
2025-06-17 23:28:18,655 - __main__ - INFO - 
MT5 Configuration:
- Account: 271395506
- Server: Exness-MT5Trial14
- Path: C:\Program Files\MetaTrader 5 EXNESS EURUSD\terminal64.exe
- Symbol Suffix: 

Trading Parameters:
- Default Volume: 0.01
- Default Stop Loss: 100
- Default Take Profit: 200

Server Configuration:
- Host: 0.0.0.0
- Port: 5000
- Debug: True

2025-06-17 23:28:18,655 - __main__ - INFO - Initializing MT5 connection...
2025-06-17 23:28:18,656 - app.mt5_handler - INFO - Successfully connected to MT5
2025-06-17 23:28:18,656 - __main__ - INFO - MT5 connection successful!
2025-06-17 23:28:18,656 - __main__ - INFO - Starting Flask server on 0.0.0.0:5000
2025-06-17 23:28:18,667 - werkzeug - WARNING -  * Debugger is active!
2025-06-17 23:28:18,670 - werkzeug - INFO -  * Debugger PIN: 140-170-135
2025-06-17 23:28:22,856 - __main__ - INFO - Ngrok tunnel active!
2025-06-17 23:28:22,856 - __main__ - INFO - Webhook URL: https://2274-2001-fb1-cf-fd11-81a-3ae6-f94c-dd60.ngrok-free.app/trade
2025-06-17 23:28:22,856 - __main__ - INFO - Webhook URL saved to: webhook_url.txt
2025-06-17 23:54:29,392 - __main__ - INFO - Running with Ngrok tunnel
2025-06-17 23:54:29,392 - __main__ - INFO - Setting up Ngrok tunnel...
2025-06-17 23:54:29,536 - __main__ - INFO - Starting Ngrok tunnel on port 5000
2025-06-17 23:54:32,394 - __main__ - INFO - Starting TradingView to MT5 Bridge...
2025-06-17 23:54:32,394 - __main__ - INFO - 
MT5 Configuration:
- Account: 271395506
- Server: Exness-MT5Trial14
- Path: C:\Program Files\MetaTrader 5 EXNESS EURUSD\terminal64.exe
- Symbol Suffix: 

Trading Parameters:
- Default Volume: 0.01
- Default Stop Loss: 100
- Default Take Profit: 200

Server Configuration:
- Host: 0.0.0.0
- Port: 5000
- Debug: True

2025-06-17 23:54:32,394 - __main__ - INFO - Initializing MT5 connection...
2025-06-17 23:54:34,331 - app.mt5_handler - INFO - Successfully connected to MT5
2025-06-17 23:54:34,332 - __main__ - INFO - MT5 connection successful!
2025-06-17 23:54:34,332 - __main__ - INFO - Starting Flask server on 0.0.0.0:5000
2025-06-17 23:54:34,363 - werkzeug - INFO - [31m[1mWARNING: This is a development server. Do not use it in a production deployment. Use a production WSGI server instead.[0m
 * Running on all addresses (0.0.0.0)
 * Running on http://127.0.0.1:5000
 * Running on http://192.168.1.166:5000
2025-06-17 23:54:34,363 - werkzeug - INFO - [33mPress CTRL+C to quit[0m
2025-06-17 23:54:34,365 - werkzeug - INFO -  * Restarting with stat
2025-06-17 23:54:34,622 - __main__ - INFO - Running with Ngrok tunnel
2025-06-17 23:54:34,623 - __main__ - INFO - Setting up Ngrok tunnel...
2025-06-17 23:54:34,771 - __main__ - INFO - Starting Ngrok tunnel on port 5000
2025-06-17 23:54:36,585 - __main__ - INFO - Ngrok tunnel active!
2025-06-17 23:54:36,585 - __main__ - INFO - Webhook URL: https://885c-2001-fb1-cf-fd11-81a-3ae6-f94c-dd60.ngrok-free.app/trade
2025-06-17 23:54:36,585 - __main__ - INFO - Webhook URL saved to: webhook_url.txt
2025-06-17 23:54:37,624 - __main__ - INFO - Starting TradingView to MT5 Bridge...
2025-06-17 23:54:37,624 - __main__ - INFO - 
MT5 Configuration:
- Account: 271395506
- Server: Exness-MT5Trial14
- Path: C:\Program Files\MetaTrader 5 EXNESS EURUSD\terminal64.exe
- Symbol Suffix: 

Trading Parameters:
- Default Volume: 0.01
- Default Stop Loss: 100
- Default Take Profit: 200

Server Configuration:
- Host: 0.0.0.0
- Port: 5000
- Debug: True

2025-06-17 23:54:37,624 - __main__ - INFO - Initializing MT5 connection...
2025-06-17 23:54:37,627 - app.mt5_handler - INFO - Successfully connected to MT5
2025-06-17 23:54:37,627 - __main__ - INFO - MT5 connection successful!
2025-06-17 23:54:37,627 - __main__ - INFO - Starting Flask server on 0.0.0.0:5000
2025-06-17 23:54:37,639 - werkzeug - WARNING -  * Debugger is active!
2025-06-17 23:54:37,640 - werkzeug - INFO -  * Debugger PIN: 140-170-135
2025-06-17 23:54:41,824 - __main__ - INFO - Ngrok tunnel active!
2025-06-17 23:54:41,824 - __main__ - INFO - Webhook URL: https://885c-2001-fb1-cf-fd11-81a-3ae6-f94c-dd60.ngrok-free.app/trade
2025-06-17 23:54:41,824 - __main__ - INFO - Webhook URL saved to: webhook_url.txt
2025-06-18 21:52:19,442 - __main__ - INFO - Running with Ngrok tunnel
2025-06-18 21:52:19,442 - __main__ - INFO - Setting up Ngrok tunnel...
2025-06-18 21:52:19,722 - __main__ - INFO - Starting Ngrok tunnel on port 5000
2025-06-18 21:52:22,444 - __main__ - INFO - Starting TradingView to MT5 Bridge...
2025-06-18 21:52:22,444 - __main__ - INFO - 
MT5 Configuration:
- Account: 271395506
- Server: Exness-MT5Trial14
- Path: C:\Program Files\MetaTrader 5 EXNESS EURUSD\terminal64.exe
- Symbol Suffix: 

Trading Parameters:
- Default Volume: 0.01
- Default Stop Loss: 100
- Default Take Profit: 200

Server Configuration:
- Host: 0.0.0.0
- Port: 5000
- Debug: True

2025-06-18 21:52:22,444 - __main__ - INFO - Initializing MT5 connection...
2025-06-18 21:52:24,893 - app.mt5_handler - INFO - Successfully connected to MT5
2025-06-18 21:52:24,893 - __main__ - INFO - MT5 connection successful!
2025-06-18 21:52:24,894 - __main__ - INFO - Starting Flask server on 0.0.0.0:5000
2025-06-18 21:52:24,949 - werkzeug - INFO - [31m[1mWARNING: This is a development server. Do not use it in a production deployment. Use a production WSGI server instead.[0m
 * Running on all addresses (0.0.0.0)
 * Running on http://127.0.0.1:5000
 * Running on http://192.168.1.166:5000
2025-06-18 21:52:24,949 - werkzeug - INFO - [33mPress CTRL+C to quit[0m
2025-06-18 21:52:24,953 - werkzeug - INFO -  * Restarting with stat
2025-06-18 21:52:25,241 - __main__ - INFO - Running with Ngrok tunnel
2025-06-18 21:52:25,241 - __main__ - INFO - Setting up Ngrok tunnel...
2025-06-18 21:52:25,422 - __main__ - INFO - Starting Ngrok tunnel on port 5000
2025-06-18 21:52:26,943 - __main__ - INFO - Ngrok tunnel active!
2025-06-18 21:52:26,944 - __main__ - INFO - Webhook URL: https://6202-2001-fb1-cf-fd11-710a-fdbc-3e38-c9ea.ngrok-free.app/trade
2025-06-18 21:52:26,944 - __main__ - INFO - Webhook URL saved to: webhook_url.txt
2025-06-18 21:52:28,243 - __main__ - INFO - Starting TradingView to MT5 Bridge...
2025-06-18 21:52:28,243 - __main__ - INFO - 
MT5 Configuration:
- Account: 271395506
- Server: Exness-MT5Trial14
- Path: C:\Program Files\MetaTrader 5 EXNESS EURUSD\terminal64.exe
- Symbol Suffix: 

Trading Parameters:
- Default Volume: 0.01
- Default Stop Loss: 100
- Default Take Profit: 200

Server Configuration:
- Host: 0.0.0.0
- Port: 5000
- Debug: True

2025-06-18 21:52:28,243 - __main__ - INFO - Initializing MT5 connection...
2025-06-18 21:52:28,245 - app.mt5_handler - INFO - Successfully connected to MT5
2025-06-18 21:52:28,245 - __main__ - INFO - MT5 connection successful!
2025-06-18 21:52:28,246 - __main__ - INFO - Starting Flask server on 0.0.0.0:5000
2025-06-18 21:52:28,258 - werkzeug - WARNING -  * Debugger is active!
2025-06-18 21:52:28,260 - werkzeug - INFO -  * Debugger PIN: 115-333-340
2025-06-18 21:52:32,502 - __main__ - INFO - Ngrok tunnel active!
2025-06-18 21:52:32,503 - __main__ - INFO - Webhook URL: https://6202-2001-fb1-cf-fd11-710a-fdbc-3e38-c9ea.ngrok-free.app/trade
2025-06-18 21:52:32,503 - __main__ - INFO - Webhook URL saved to: webhook_url.txt
2025-06-20 11:11:43,046 - __main__ - INFO - Running with Ngrok tunnel
2025-06-20 11:11:43,048 - __main__ - INFO - Setting up Ngrok tunnel...
2025-06-20 11:11:43,201 - __main__ - INFO - Starting Ngrok tunnel on port 5000
2025-06-20 11:11:46,049 - __main__ - INFO - Starting TradingView to MT5 Bridge...
2025-06-20 11:11:46,050 - __main__ - INFO - 
MT5 Configuration:
- Account: 271395506
- Server: Exness-MT5Trial14
- Path: C:\Program Files\MetaTrader 5 EXNESS EURUSD\terminal64.exe
- Symbol Suffix: 

Trading Parameters:
- Default Volume: 0.01
- Default Stop Loss: 100
- Default Take Profit: 200

Server Configuration:
- Host: 0.0.0.0
- Port: 5000
- Debug: True

2025-06-20 11:11:46,050 - __main__ - INFO - Initializing MT5 connection...
2025-06-20 11:11:48,165 - app.mt5_handler - INFO - Successfully connected to MT5
2025-06-20 11:11:48,165 - __main__ - INFO - MT5 connection successful!
2025-06-20 11:11:48,166 - __main__ - INFO - Starting Flask server on 0.0.0.0:5000
2025-06-20 11:11:48,186 - werkzeug - INFO - [31m[1mWARNING: This is a development server. Do not use it in a production deployment. Use a production WSGI server instead.[0m
 * Running on all addresses (0.0.0.0)
 * Running on http://127.0.0.1:5000
 * Running on http://192.168.1.166:5000
2025-06-20 11:11:48,186 - werkzeug - INFO - [33mPress CTRL+C to quit[0m
2025-06-20 11:11:48,188 - werkzeug - INFO -  * Restarting with stat
2025-06-20 11:11:48,458 - __main__ - INFO - Running with Ngrok tunnel
2025-06-20 11:11:48,458 - __main__ - INFO - Setting up Ngrok tunnel...
2025-06-20 11:11:48,606 - __main__ - INFO - Starting Ngrok tunnel on port 5000
2025-06-20 11:11:50,242 - __main__ - INFO - Ngrok tunnel active!
2025-06-20 11:11:50,242 - __main__ - INFO - Webhook URL: https://2146-2001-fb1-cf-3ed3-3c98-680-c4cd-c77d.ngrok-free.app/trade
2025-06-20 11:11:50,242 - __main__ - INFO - Webhook URL saved to: webhook_url.txt
2025-06-20 11:11:51,460 - __main__ - INFO - Starting TradingView to MT5 Bridge...
2025-06-20 11:11:51,460 - __main__ - INFO - 
MT5 Configuration:
- Account: 271395506
- Server: Exness-MT5Trial14
- Path: C:\Program Files\MetaTrader 5 EXNESS EURUSD\terminal64.exe
- Symbol Suffix: 

Trading Parameters:
- Default Volume: 0.01
- Default Stop Loss: 100
- Default Take Profit: 200

Server Configuration:
- Host: 0.0.0.0
- Port: 5000
- Debug: True

2025-06-20 11:11:51,460 - __main__ - INFO - Initializing MT5 connection...
2025-06-20 11:11:51,462 - app.mt5_handler - INFO - Successfully connected to MT5
2025-06-20 11:11:51,462 - __main__ - INFO - MT5 connection successful!
2025-06-20 11:11:51,462 - __main__ - INFO - Starting Flask server on 0.0.0.0:5000
2025-06-20 11:11:51,471 - werkzeug - WARNING -  * Debugger is active!
2025-06-20 11:11:51,473 - werkzeug - INFO -  * Debugger PIN: 115-333-340
2025-06-20 11:11:55,673 - __main__ - INFO - Ngrok tunnel active!
2025-06-20 11:11:55,673 - __main__ - INFO - Webhook URL: https://2146-2001-fb1-cf-3ed3-3c98-680-c4cd-c77d.ngrok-free.app/trade
2025-06-20 11:11:55,673 - __main__ - INFO - Webhook URL saved to: webhook_url.txt
2025-06-20 11:12:35,693 - __main__ - INFO - Running with Ngrok tunnel
2025-06-20 11:12:35,694 - __main__ - INFO - Setting up Ngrok tunnel...
2025-06-20 11:12:35,838 - __main__ - INFO - Starting Ngrok tunnel on port 5000
2025-06-20 11:12:38,695 - __main__ - INFO - Starting TradingView to MT5 Bridge...
2025-06-20 11:12:38,695 - __main__ - INFO - 
MT5 Configuration:
- Account: 271395506
- Server: Exness-MT5Trial14
- Path: C:\Program Files\MetaTrader 5 EXNESS EURUSD\terminal64.exe
- Symbol Suffix: 

Trading Parameters:
- Default Volume: 0.01
- Default Stop Loss: 100
- Default Take Profit: 200

Server Configuration:
- Host: 0.0.0.0
- Port: 5000
- Debug: True

2025-06-20 11:12:38,695 - __main__ - INFO - Initializing MT5 connection...
2025-06-20 11:12:38,697 - app.mt5_handler - INFO - Successfully connected to MT5
2025-06-20 11:12:38,697 - __main__ - INFO - MT5 connection successful!
2025-06-20 11:12:38,697 - __main__ - INFO - Starting Flask server on 0.0.0.0:5000
2025-06-20 11:12:38,718 - werkzeug - INFO - [31m[1mWARNING: This is a development server. Do not use it in a production deployment. Use a production WSGI server instead.[0m
 * Running on all addresses (0.0.0.0)
 * Running on http://127.0.0.1:5000
 * Running on http://192.168.1.166:5000
2025-06-20 11:12:38,718 - werkzeug - INFO - [33mPress CTRL+C to quit[0m
2025-06-20 11:12:38,720 - werkzeug - INFO -  * Restarting with stat
2025-06-20 11:12:38,990 - __main__ - INFO - Running with Ngrok tunnel
2025-06-20 11:12:38,990 - __main__ - INFO - Setting up Ngrok tunnel...
2025-06-20 11:12:39,148 - __main__ - INFO - Starting Ngrok tunnel on port 5000
2025-06-20 11:12:41,991 - __main__ - INFO - Starting TradingView to MT5 Bridge...
2025-06-20 11:12:41,991 - __main__ - INFO - 
MT5 Configuration:
- Account: 271395506
- Server: Exness-MT5Trial14
- Path: C:\Program Files\MetaTrader 5 EXNESS EURUSD\terminal64.exe
- Symbol Suffix: 

Trading Parameters:
- Default Volume: 0.01
- Default Stop Loss: 100
- Default Take Profit: 200

Server Configuration:
- Host: 0.0.0.0
- Port: 5000
- Debug: True

2025-06-20 11:12:41,991 - __main__ - INFO - Initializing MT5 connection...
2025-06-20 11:12:41,993 - app.mt5_handler - INFO - Successfully connected to MT5
2025-06-20 11:12:41,994 - __main__ - INFO - MT5 connection successful!
2025-06-20 11:12:41,994 - __main__ - INFO - Starting Flask server on 0.0.0.0:5000
2025-06-20 11:12:42,003 - werkzeug - WARNING -  * Debugger is active!
2025-06-20 11:12:42,004 - werkzeug - INFO -  * Debugger PIN: 115-333-340
2025-06-20 11:12:42,890 - __main__ - INFO - Ngrok tunnel active!
2025-06-20 11:12:42,891 - __main__ - INFO - Webhook URL: https://7251-2001-fb1-cf-3ed3-3c98-680-c4cd-c77d.ngrok-free.app/trade
2025-06-20 11:12:42,891 - __main__ - INFO - Webhook URL saved to: webhook_url.txt
2025-06-20 11:12:46,203 - __main__ - INFO - Ngrok tunnel active!
2025-06-20 11:12:46,203 - __main__ - INFO - Webhook URL: https://7251-2001-fb1-cf-3ed3-3c98-680-c4cd-c77d.ngrok-free.app/trade
2025-06-20 11:12:46,204 - __main__ - INFO - Webhook URL saved to: webhook_url.txt
2025-06-20 12:57:00,841 - app.server - INFO - Received webhook: {{alert.message}} 2.9 XAUUSD
2025-06-20 12:57:00,842 - app.server - ERROR - Unknown action: {{alert.message}}
2025-06-20 12:57:00,844 - werkzeug - INFO - 127.0.0.1 - - [20/Jun/2025 12:57:00] "[31m[1mPOST /trade HTTP/1.1[0m" 400 -
2025-06-20 12:57:01,022 - app.server - ERROR - Error processing webhook: 415 Unsupported Media Type: Did not attempt to load JSON data because the request Content-Type was not 'application/json'.
2025-06-20 12:57:01,022 - werkzeug - INFO - 127.0.0.1 - - [20/Jun/2025 12:57:01] "[35m[1mPOST /trade HTTP/1.1[0m" 500 -
2025-06-20 12:57:06,769 - app.server - ERROR - Error processing webhook: 415 Unsupported Media Type: Did not attempt to load JSON data because the request Content-Type was not 'application/json'.
2025-06-20 12:57:06,769 - werkzeug - INFO - 127.0.0.1 - - [20/Jun/2025 12:57:06] "[35m[1mPOST /trade HTTP/1.1[0m" 500 -
2025-06-20 12:57:12,319 - app.server - ERROR - Error processing webhook: 415 Unsupported Media Type: Did not attempt to load JSON data because the request Content-Type was not 'application/json'.
2025-06-20 12:57:12,319 - werkzeug - INFO - 127.0.0.1 - - [20/Jun/2025 12:57:12] "[35m[1mPOST /trade HTTP/1.1[0m" 500 -
2025-06-20 12:57:17,867 - app.server - ERROR - Error processing webhook: 415 Unsupported Media Type: Did not attempt to load JSON data because the request Content-Type was not 'application/json'.
2025-06-20 12:57:17,868 - werkzeug - INFO - 127.0.0.1 - - [20/Jun/2025 12:57:17] "[35m[1mPOST /trade HTTP/1.1[0m" 500 -
2025-06-20 14:01:01,837 - app.server - ERROR - Error processing webhook: 415 Unsupported Media Type: Did not attempt to load JSON data because the request Content-Type was not 'application/json'.
2025-06-20 14:01:01,837 - werkzeug - INFO - 127.0.0.1 - - [20/Jun/2025 14:01:01] "[35m[1mPOST /trade HTTP/1.1[0m" 500 -
2025-06-20 14:01:02,422 - app.server - ERROR - Error processing webhook: 415 Unsupported Media Type: Did not attempt to load JSON data because the request Content-Type was not 'application/json'.
2025-06-20 14:01:02,422 - werkzeug - INFO - 127.0.0.1 - - [20/Jun/2025 14:01:02] "[35m[1mPOST /trade HTTP/1.1[0m" 500 -
2025-06-20 14:01:07,402 - app.server - ERROR - Error processing webhook: 415 Unsupported Media Type: Did not attempt to load JSON data because the request Content-Type was not 'application/json'.
2025-06-20 14:01:07,403 - werkzeug - INFO - 127.0.0.1 - - [20/Jun/2025 14:01:07] "[35m[1mPOST /trade HTTP/1.1[0m" 500 -
2025-06-20 14:01:07,872 - app.server - ERROR - Error processing webhook: 415 Unsupported Media Type: Did not attempt to load JSON data because the request Content-Type was not 'application/json'.
2025-06-20 14:01:07,872 - werkzeug - INFO - 127.0.0.1 - - [20/Jun/2025 14:01:07] "[35m[1mPOST /trade HTTP/1.1[0m" 500 -
2025-06-20 14:01:12,964 - app.server - ERROR - Error processing webhook: 415 Unsupported Media Type: Did not attempt to load JSON data because the request Content-Type was not 'application/json'.
2025-06-20 14:01:12,964 - werkzeug - INFO - 127.0.0.1 - - [20/Jun/2025 14:01:12] "[35m[1mPOST /trade HTTP/1.1[0m" 500 -
2025-06-20 14:01:13,496 - app.server - ERROR - Error processing webhook: 415 Unsupported Media Type: Did not attempt to load JSON data because the request Content-Type was not 'application/json'.
2025-06-20 14:01:13,496 - werkzeug - INFO - 127.0.0.1 - - [20/Jun/2025 14:01:13] "[35m[1mPOST /trade HTTP/1.1[0m" 500 -
2025-06-20 14:01:18,399 - app.server - ERROR - Error processing webhook: 415 Unsupported Media Type: Did not attempt to load JSON data because the request Content-Type was not 'application/json'.
2025-06-20 14:01:18,399 - werkzeug - INFO - 127.0.0.1 - - [20/Jun/2025 14:01:18] "[35m[1mPOST /trade HTTP/1.1[0m" 500 -
2025-06-20 14:01:18,951 - app.server - ERROR - Error processing webhook: 415 Unsupported Media Type: Did not attempt to load JSON data because the request Content-Type was not 'application/json'.
2025-06-20 14:01:18,951 - werkzeug - INFO - 127.0.0.1 - - [20/Jun/2025 14:01:18] "[35m[1mPOST /trade HTTP/1.1[0m" 500 -
2025-06-20 14:28:08,023 - __main__ - INFO - Running with Ngrok tunnel
2025-06-20 14:28:08,024 - __main__ - INFO - Setting up Ngrok tunnel...
2025-06-20 14:28:08,191 - __main__ - INFO - Starting Ngrok tunnel on port 5000
2025-06-20 14:28:11,025 - __main__ - INFO - Starting TradingView to MT5 Bridge...
2025-06-20 14:28:11,025 - __main__ - INFO - 
MT5 Configuration:
- Account: 271395506
- Server: Exness-MT5Trial14
- Path: C:\Program Files\MetaTrader 5 EXNESS EURUSD\terminal64.exe
- Symbol Suffix: 

Trading Parameters:
- Default Volume: 0.01
- Default Stop Loss: 100
- Default Take Profit: 200

Server Configuration:
- Host: 0.0.0.0
- Port: 5000
- Debug: True

2025-06-20 14:28:11,025 - __main__ - INFO - Initializing MT5 connection...
2025-06-20 14:28:11,027 - app.mt5_handler - INFO - Successfully connected to MT5
2025-06-20 14:28:11,027 - __main__ - INFO - MT5 connection successful!
2025-06-20 14:28:11,027 - __main__ - INFO - Starting Flask server on 0.0.0.0:5000
2025-06-20 14:28:11,044 - werkzeug - INFO - [31m[1mWARNING: This is a development server. Do not use it in a production deployment. Use a production WSGI server instead.[0m
 * Running on all addresses (0.0.0.0)
 * Running on http://127.0.0.1:5000
 * Running on http://192.168.1.166:5000
2025-06-20 14:28:11,045 - werkzeug - INFO - [33mPress CTRL+C to quit[0m
2025-06-20 14:28:11,046 - werkzeug - INFO -  * Restarting with stat
2025-06-20 14:28:11,307 - __main__ - INFO - Running with Ngrok tunnel
2025-06-20 14:28:11,307 - __main__ - INFO - Setting up Ngrok tunnel...
2025-06-20 14:28:11,461 - __main__ - INFO - Starting Ngrok tunnel on port 5000
2025-06-20 14:28:14,308 - __main__ - INFO - Starting TradingView to MT5 Bridge...
2025-06-20 14:28:14,308 - __main__ - INFO - 
MT5 Configuration:
- Account: 271395506
- Server: Exness-MT5Trial14
- Path: C:\Program Files\MetaTrader 5 EXNESS EURUSD\terminal64.exe
- Symbol Suffix: 

Trading Parameters:
- Default Volume: 0.01
- Default Stop Loss: 100
- Default Take Profit: 200

Server Configuration:
- Host: 0.0.0.0
- Port: 5000
- Debug: True

2025-06-20 14:28:14,308 - __main__ - INFO - Initializing MT5 connection...
2025-06-20 14:28:14,310 - app.mt5_handler - INFO - Successfully connected to MT5
2025-06-20 14:28:14,310 - __main__ - INFO - MT5 connection successful!
2025-06-20 14:28:14,310 - __main__ - INFO - Starting Flask server on 0.0.0.0:5000
2025-06-20 14:28:14,319 - werkzeug - WARNING -  * Debugger is active!
2025-06-20 14:28:14,321 - werkzeug - INFO -  * Debugger PIN: 115-333-340
2025-06-20 14:28:15,251 - __main__ - INFO - Ngrok tunnel active!
2025-06-20 14:28:15,251 - __main__ - INFO - Webhook URL: https://aec5-2001-fb1-cf-3ed3-3c98-680-c4cd-c77d.ngrok-free.app/trade
2025-06-20 14:28:15,251 - __main__ - INFO - Webhook URL saved to: webhook_url.txt
2025-06-20 14:28:18,502 - __main__ - INFO - Ngrok tunnel active!
2025-06-20 14:28:18,503 - __main__ - INFO - Webhook URL: https://aec5-2001-fb1-cf-3ed3-3c98-680-c4cd-c77d.ngrok-free.app/trade
2025-06-20 14:28:18,503 - __main__ - INFO - Webhook URL saved to: webhook_url.txt
2025-06-20 19:33:01,241 - app.server - INFO - Received webhook:  sell 2.9 XAUUSD
2025-06-20 19:33:01,241 - app.server - ERROR - Unknown action:  sell
2025-06-20 19:33:01,242 - werkzeug - INFO - 127.0.0.1 - - [20/Jun/2025 19:33:01] "[31m[1mPOST /trade HTTP/1.1[0m" 400 -
2025-06-20 20:02:01,041 - app.server - INFO - Received webhook: sell 2.9 XAUUSD
2025-06-20 20:02:01,043 - app.mt5_handler - ERROR - Order failed: Unsupported filling mode
2025-06-20 20:02:01,043 - app.server - INFO - Order result: {'action': 'sell', 'symbol': 'XAUUSD', 'volume': 2.9, 'success': False, 'error': 'Unsupported filling mode'}
2025-06-20 20:02:01,044 - werkzeug - INFO - 127.0.0.1 - - [20/Jun/2025 20:02:01] "POST /trade HTTP/1.1" 200 -
2025-06-20 20:08:15,528 - werkzeug - INFO -  * Detected change in 'C:\\Users\\User\\Downloads\\4607\\app\\config.py', reloading
2025-06-20 20:08:15,582 - werkzeug - INFO -  * Restarting with stat
2025-06-20 20:08:15,874 - __main__ - INFO - Running with Ngrok tunnel
2025-06-20 20:08:15,874 - __main__ - INFO - Setting up Ngrok tunnel...
2025-06-20 20:08:16,038 - __main__ - INFO - Starting Ngrok tunnel on port 5000
2025-06-20 20:08:18,876 - __main__ - INFO - Starting TradingView to MT5 Bridge...
2025-06-20 20:08:18,876 - __main__ - INFO - 
MT5 Configuration:
- Account: 271395506
- Server: Exness-MT5Trial14
- Path: C:\Program Files\MetaTrader 5 EXNESS EURUSD\terminal64.exe
- Symbol Suffix: 

Trading Parameters:
- Default Volume: 0.01
- Default Stop Loss: 100
- Default Take Profit: 200

Server Configuration:
- Host: 0.0.0.0
- Port: 5000
- Debug: True

2025-06-20 20:08:18,876 - __main__ - INFO - Initializing MT5 connection...
2025-06-20 20:08:18,877 - app.mt5_handler - INFO - Successfully connected to MT5
2025-06-20 20:08:18,877 - __main__ - INFO - MT5 connection successful!
2025-06-20 20:08:18,877 - __main__ - INFO - Starting Flask server on 0.0.0.0:5000
2025-06-20 20:08:18,889 - werkzeug - WARNING -  * Debugger is active!
2025-06-20 20:08:18,890 - werkzeug - INFO -  * Debugger PIN: 115-333-340
2025-06-20 20:08:19,901 - werkzeug - INFO -  * Detected change in 'C:\\Users\\User\\Downloads\\4607\\app\\config.py', reloading
2025-06-20 20:08:19,938 - werkzeug - INFO -  * Restarting with stat
2025-06-20 20:08:20,219 - __main__ - INFO - Running with Ngrok tunnel
2025-06-20 20:08:20,219 - __main__ - INFO - Setting up Ngrok tunnel...
2025-06-20 20:08:20,385 - __main__ - INFO - Starting Ngrok tunnel on port 5000
2025-06-20 20:08:23,221 - __main__ - ERROR - Configuration errors:
2025-06-20 20:08:23,221 - __main__ - ERROR -   - SENDER_EMAIL is required in .env file for alerts
2025-06-20 20:08:23,221 - __main__ - ERROR -   - SENDER_PASSWORD is required in .env file for alerts
2025-06-20 20:08:23,221 - __main__ - ERROR -   - RECEIVER_EMAIL is required in .env file for alerts
2025-06-20 20:08:23,221 - __main__ - ERROR - Application failed to start
2025-06-20 20:13:38,734 - __main__ - INFO - Running with Ngrok tunnel
2025-06-20 20:13:38,736 - __main__ - INFO - Setting up Ngrok tunnel...
2025-06-20 20:13:38,889 - __main__ - INFO - Starting Ngrok tunnel on port 5000
2025-06-20 20:13:41,737 - __main__ - ERROR - Configuration errors:
2025-06-20 20:13:41,737 - __main__ - ERROR -   - SENDER_EMAIL is required in .env file for alerts
2025-06-20 20:13:41,737 - __main__ - ERROR -   - SENDER_PASSWORD is required in .env file for alerts
2025-06-20 20:13:41,737 - __main__ - ERROR -   - RECEIVER_EMAIL is required in .env file for alerts
2025-06-20 20:13:41,737 - __main__ - ERROR - Application failed to start
2025-06-20 20:15:22,685 - __main__ - INFO - Running with Ngrok tunnel
2025-06-20 20:15:22,685 - __main__ - INFO - Setting up Ngrok tunnel...
2025-06-20 20:15:22,847 - __main__ - INFO - Starting Ngrok tunnel on port 5000
2025-06-20 20:15:25,697 - __main__ - ERROR - Configuration errors:
2025-06-20 20:15:25,712 - __main__ - ERROR -   - SENDER_EMAIL is required in .env file for alerts
2025-06-20 20:15:25,714 - __main__ - ERROR -   - SENDER_PASSWORD is required in .env file for alerts
2025-06-20 20:15:25,714 - __main__ - ERROR -   - RECEIVER_EMAIL is required in .env file for alerts
2025-06-20 20:15:25,714 - __main__ - ERROR - Application failed to start
2025-06-20 20:22:14,927 - __main__ - INFO - Running with Ngrok tunnel
2025-06-20 20:22:14,927 - __main__ - INFO - Setting up Ngrok tunnel...
2025-06-20 20:22:15,089 - __main__ - INFO - Starting Ngrok tunnel on port 5000
2025-06-20 20:22:17,929 - __main__ - INFO - Starting TradingView to MT5 Bridge...
2025-06-20 20:22:17,929 - __main__ - INFO - 
MT5 Configuration:
- Account: 271395506
- Server: Exness-MT5Trial14
- Path: C:\Program Files\MetaTrader 5 EXNESS EURUSD\terminal64.exe
- Symbol Suffix: 

Trading Parameters:
- Default Volume: 0.01
- Default Stop Loss: 100
- Default Take Profit: 200

Server Configuration:
- Host: 0.0.0.0
- Port: 5000
- Debug: True

Email Alert Configuration:
- Sender: your_email@gmail.com
- Receiver: your_alert_email@example.com
- SMTP Server: smtp.gmail.com:587

2025-06-20 20:22:17,929 - __main__ - INFO - Initializing MT5 connection...
2025-06-20 20:22:17,931 - app.mt5_handler - INFO - Successfully connected to MT5
2025-06-20 20:22:17,931 - __main__ - INFO - MT5 connection successful!
2025-06-20 20:22:17,931 - __main__ - INFO - Starting Flask server on 0.0.0.0:5000
2025-06-20 20:22:17,950 - werkzeug - INFO - [31m[1mWARNING: This is a development server. Do not use it in a production deployment. Use a production WSGI server instead.[0m
 * Running on all addresses (0.0.0.0)
 * Running on http://127.0.0.1:5000
 * Running on http://192.168.1.166:5000
2025-06-20 20:22:17,950 - werkzeug - INFO - [33mPress CTRL+C to quit[0m
2025-06-20 20:22:17,951 - werkzeug - INFO -  * Restarting with stat
2025-06-20 20:22:18,231 - __main__ - INFO - Running with Ngrok tunnel
2025-06-20 20:22:18,232 - __main__ - INFO - Setting up Ngrok tunnel...
2025-06-20 20:22:18,393 - __main__ - INFO - Starting Ngrok tunnel on port 5000
2025-06-20 20:22:21,233 - __main__ - INFO - Starting TradingView to MT5 Bridge...
2025-06-20 20:22:21,233 - __main__ - INFO - 
MT5 Configuration:
- Account: 271395506
- Server: Exness-MT5Trial14
- Path: C:\Program Files\MetaTrader 5 EXNESS EURUSD\terminal64.exe
- Symbol Suffix: 

Trading Parameters:
- Default Volume: 0.01
- Default Stop Loss: 100
- Default Take Profit: 200

Server Configuration:
- Host: 0.0.0.0
- Port: 5000
- Debug: True

Email Alert Configuration:
- Sender: your_email@gmail.com
- Receiver: your_alert_email@example.com
- SMTP Server: smtp.gmail.com:587

2025-06-20 20:22:21,233 - __main__ - INFO - Initializing MT5 connection...
2025-06-20 20:22:21,234 - app.mt5_handler - INFO - Successfully connected to MT5
2025-06-20 20:22:21,234 - __main__ - INFO - MT5 connection successful!
2025-06-20 20:22:21,235 - __main__ - INFO - Starting Flask server on 0.0.0.0:5000
2025-06-20 20:22:21,247 - werkzeug - WARNING -  * Debugger is active!
2025-06-20 20:22:21,249 - werkzeug - INFO -  * Debugger PIN: 115-333-340
2025-06-20 20:22:22,147 - __main__ - INFO - Ngrok tunnel active!
2025-06-20 20:22:22,147 - __main__ - INFO - Webhook URL: https://c745-2001-fb1-cf-3ed3-3c98-680-c4cd-c77d.ngrok-free.app/trade
2025-06-20 20:22:22,147 - __main__ - INFO - Webhook URL saved to: webhook_url.txt
2025-06-20 20:22:25,451 - __main__ - INFO - Ngrok tunnel active!
2025-06-20 20:22:25,451 - __main__ - INFO - Webhook URL: https://c745-2001-fb1-cf-3ed3-3c98-680-c4cd-c77d.ngrok-free.app/trade
2025-06-20 20:22:25,451 - __main__ - INFO - Webhook URL saved to: webhook_url.txt
2025-06-20 20:53:42,797 - __main__ - INFO - Running with Ngrok tunnel
2025-06-20 20:53:42,798 - __main__ - INFO - Setting up Ngrok tunnel...
2025-06-20 20:53:42,946 - __main__ - INFO - Starting Ngrok tunnel on port 5000
2025-06-20 20:53:45,799 - __main__ - INFO - Starting TradingView to MT5 Bridge...
2025-06-20 20:53:45,799 - __main__ - INFO - 
MT5 Configuration:
- Account: 271395506
- Server: Exness-MT5Trial14
- Path: C:\Program Files\MetaTrader 5 EXNESS EURUSD\terminal64.exe
- Symbol Suffix: 

Trading Parameters:
- Default Volume: 0.01
- Default Stop Loss: 100
- Default Take Profit: 200

Server Configuration:
- Host: 0.0.0.0
- Port: 5000
- Debug: True

Email Alert Configuration:
- Sender: mybotalerts2@gmail.com
- Receiver: nuttakit342536@gmail.com
- SMTP Server: smtp.gmail.com:587

2025-06-20 20:53:45,799 - __main__ - INFO - Initializing MT5 connection...
2025-06-20 20:53:45,802 - app.mt5_handler - INFO - Successfully connected to MT5
2025-06-20 20:53:45,802 - __main__ - INFO - MT5 connection successful!
2025-06-20 20:53:45,802 - __main__ - INFO - Starting Flask server on 0.0.0.0:5000
2025-06-20 20:53:45,821 - werkzeug - INFO - [31m[1mWARNING: This is a development server. Do not use it in a production deployment. Use a production WSGI server instead.[0m
 * Running on all addresses (0.0.0.0)
 * Running on http://127.0.0.1:5000
 * Running on http://192.168.1.166:5000
2025-06-20 20:53:45,822 - werkzeug - INFO - [33mPress CTRL+C to quit[0m
2025-06-20 20:53:45,822 - werkzeug - INFO -  * Restarting with stat
2025-06-20 20:53:46,089 - __main__ - INFO - Running with Ngrok tunnel
2025-06-20 20:53:46,089 - __main__ - INFO - Setting up Ngrok tunnel...
2025-06-20 20:53:46,240 - __main__ - INFO - Starting Ngrok tunnel on port 5000
2025-06-20 20:53:49,092 - __main__ - INFO - Starting TradingView to MT5 Bridge...
2025-06-20 20:53:49,092 - __main__ - INFO - 
MT5 Configuration:
- Account: 271395506
- Server: Exness-MT5Trial14
- Path: C:\Program Files\MetaTrader 5 EXNESS EURUSD\terminal64.exe
- Symbol Suffix: 

Trading Parameters:
- Default Volume: 0.01
- Default Stop Loss: 100
- Default Take Profit: 200

Server Configuration:
- Host: 0.0.0.0
- Port: 5000
- Debug: True

Email Alert Configuration:
- Sender: mybotalerts2@gmail.com
- Receiver: nuttakit342536@gmail.com
- SMTP Server: smtp.gmail.com:587

2025-06-20 20:53:49,092 - __main__ - INFO - Initializing MT5 connection...
2025-06-20 20:53:49,094 - app.mt5_handler - INFO - Successfully connected to MT5
2025-06-20 20:53:49,094 - __main__ - INFO - MT5 connection successful!
2025-06-20 20:53:49,094 - __main__ - INFO - Starting Flask server on 0.0.0.0:5000
2025-06-20 20:53:49,107 - werkzeug - WARNING -  * Debugger is active!
2025-06-20 20:53:49,108 - werkzeug - INFO -  * Debugger PIN: 115-333-340
2025-06-20 20:53:50,003 - __main__ - INFO - Ngrok tunnel active!
2025-06-20 20:53:50,003 - __main__ - INFO - Webhook URL: https://25ad-2001-fb1-cf-3ed3-3c98-680-c4cd-c77d.ngrok-free.app/trade
2025-06-20 20:53:50,003 - __main__ - INFO - Webhook URL saved to: webhook_url.txt
2025-06-20 20:53:53,287 - __main__ - INFO - Ngrok tunnel active!
2025-06-20 20:53:53,287 - __main__ - INFO - Webhook URL: https://25ad-2001-fb1-cf-3ed3-3c98-680-c4cd-c77d.ngrok-free.app/trade
2025-06-20 20:53:53,287 - __main__ - INFO - Webhook URL saved to: webhook_url.txt
2025-06-20 20:56:43,312 - app.server - INFO - Received webhook: short 2.0 BTCUSD
2025-06-20 20:56:43,313 - app.server - ERROR - Unknown action: short
2025-06-20 20:56:43,313 - werkzeug - INFO - 127.0.0.1 - - [20/Jun/2025 20:56:43] "[31m[1mPOST /trade HTTP/1.1[0m" 400 -
2025-06-20 20:59:31,786 - app.server - INFO - Received webhook: long 2.0 BTCUSD
2025-06-20 20:59:31,786 - app.server - ERROR - Unknown action: long
2025-06-20 20:59:31,786 - werkzeug - INFO - 127.0.0.1 - - [20/Jun/2025 20:59:31] "[31m[1mPOST /trade HTTP/1.1[0m" 400 -
2025-06-20 21:00:26,847 - app.server - INFO - Received webhook: short 2.0 BTCUSD
2025-06-20 21:00:26,847 - app.server - ERROR - Unknown action: short
2025-06-20 21:00:26,847 - werkzeug - INFO - 127.0.0.1 - - [20/Jun/2025 21:00:26] "[31m[1mPOST /trade HTTP/1.1[0m" 400 -
2025-06-20 21:01:09,335 - app.server - INFO - Received webhook: long 2.0 BTCUSD
2025-06-20 21:01:09,338 - app.server - ERROR - Unknown action: long
2025-06-20 21:01:09,339 - werkzeug - INFO - 127.0.0.1 - - [20/Jun/2025 21:01:09] "[31m[1mPOST /trade HTTP/1.1[0m" 400 -
2025-06-20 21:03:24,073 - werkzeug - INFO -  * Detected change in 'C:\\Users\\User\\Downloads\\4607\\app\\server.py', reloading
2025-06-20 21:03:24,138 - werkzeug - INFO -  * Restarting with stat
2025-06-20 21:03:24,395 - __main__ - INFO - Running with Ngrok tunnel
2025-06-20 21:03:24,395 - __main__ - INFO - Setting up Ngrok tunnel...
2025-06-20 21:03:24,541 - __main__ - INFO - Starting Ngrok tunnel on port 5000
2025-06-20 21:03:27,397 - __main__ - INFO - Starting TradingView to MT5 Bridge...
2025-06-20 21:03:27,397 - __main__ - INFO - 
MT5 Configuration:
- Account: 271395506
- Server: Exness-MT5Trial14
- Path: C:\Program Files\MetaTrader 5 EXNESS EURUSD\terminal64.exe
- Symbol Suffix: 

Trading Parameters:
- Default Volume: 0.01
- Default Stop Loss: 100
- Default Take Profit: 200

Server Configuration:
- Host: 0.0.0.0
- Port: 5000
- Debug: True

Email Alert Configuration:
- Sender: mybotalerts2@gmail.com
- Receiver: nuttakit342536@gmail.com
- SMTP Server: smtp.gmail.com:587

2025-06-20 21:03:27,397 - __main__ - INFO - Initializing MT5 connection...
2025-06-20 21:03:27,398 - app.mt5_handler - INFO - Successfully connected to MT5
2025-06-20 21:03:27,398 - __main__ - INFO - MT5 connection successful!
2025-06-20 21:03:27,399 - __main__ - INFO - Starting Flask server on 0.0.0.0:5000
2025-06-20 21:03:27,410 - werkzeug - WARNING -  * Debugger is active!
2025-06-20 21:03:27,411 - werkzeug - INFO -  * Debugger PIN: 115-333-340
2025-06-20 21:03:31,586 - __main__ - INFO - Ngrok tunnel active!
2025-06-20 21:03:31,587 - __main__ - INFO - Webhook URL: https://25ad-2001-fb1-cf-3ed3-3c98-680-c4cd-c77d.ngrok-free.app/trade
2025-06-20 21:03:31,587 - __main__ - INFO - Webhook URL saved to: webhook_url.txt
2025-06-20 21:05:56,264 - app.server - INFO - Received webhook: {'symbol': 'BTCUSD', 'action': 'short', 'volume': '2'}
2025-06-20 21:05:56,265 - app.server - ERROR - Error processing webhook: Unknown or unsupported action: 'short'. Must be 'buy', 'sell', or 'close'.
2025-06-20 21:05:59,026 - app.server - INFO - Successfully sent error alert email.
2025-06-20 21:05:59,026 - werkzeug - INFO - 127.0.0.1 - - [20/Jun/2025 21:05:59] "[31m[1mPOST /trade HTTP/1.1[0m" 400 -
2025-06-20 21:06:01,891 - app.server - INFO - Received webhook: {'symbol': 'BTCUSD', 'action': 'long', 'volume': '2'}
2025-06-20 21:06:01,891 - app.server - ERROR - Error processing webhook: Unknown or unsupported action: 'long'. Must be 'buy', 'sell', or 'close'.
2025-06-20 21:06:04,613 - app.server - INFO - Successfully sent error alert email.
2025-06-20 21:06:04,613 - werkzeug - INFO - 127.0.0.1 - - [20/Jun/2025 21:06:04] "[31m[1mPOST /trade HTTP/1.1[0m" 400 -
2025-06-20 21:11:48,124 - werkzeug - INFO -  * Detected change in 'C:\\Users\\User\\Downloads\\4607\\app\\server.py', reloading
2025-06-20 21:11:48,166 - werkzeug - INFO -  * Restarting with stat
2025-06-20 21:11:48,442 - __main__ - INFO - Running with Ngrok tunnel
2025-06-20 21:11:48,442 - __main__ - INFO - Setting up Ngrok tunnel...
2025-06-20 21:11:48,595 - __main__ - INFO - Starting Ngrok tunnel on port 5000
2025-06-20 21:11:51,443 - __main__ - INFO - Starting TradingView to MT5 Bridge...
2025-06-20 21:11:51,443 - __main__ - INFO - 
MT5 Configuration:
- Account: 271395506
- Server: Exness-MT5Trial14
- Path: C:\Program Files\MetaTrader 5 EXNESS EURUSD\terminal64.exe
- Symbol Suffix: 

Trading Parameters:
- Default Volume: 0.01
- Default Stop Loss: 100
- Default Take Profit: 200

Server Configuration:
- Host: 0.0.0.0
- Port: 5000
- Debug: True

Email Alert Configuration:
- Sender: mybotalerts2@gmail.com
- Receiver: nuttakit342536@gmail.com
- SMTP Server: smtp.gmail.com:587

2025-06-20 21:11:51,443 - __main__ - INFO - Initializing MT5 connection...
2025-06-20 21:11:51,445 - app.mt5_handler - INFO - Successfully connected to MT5
2025-06-20 21:11:51,445 - __main__ - INFO - MT5 connection successful!
2025-06-20 21:11:51,445 - __main__ - INFO - Starting Flask server on 0.0.0.0:5000
2025-06-20 21:11:51,458 - werkzeug - WARNING -  * Debugger is active!
2025-06-20 21:11:51,459 - werkzeug - INFO -  * Debugger PIN: 115-333-340
2025-06-20 21:11:55,658 - __main__ - INFO - Ngrok tunnel active!
2025-06-20 21:11:55,658 - __main__ - INFO - Webhook URL: https://25ad-2001-fb1-cf-3ed3-3c98-680-c4cd-c77d.ngrok-free.app/trade
2025-06-20 21:11:55,658 - __main__ - INFO - Webhook URL saved to: webhook_url.txt
2025-06-20 21:12:08,940 - __main__ - INFO - Running with Ngrok tunnel
2025-06-20 21:12:08,940 - __main__ - INFO - Setting up Ngrok tunnel...
2025-06-20 21:12:09,093 - __main__ - INFO - Starting Ngrok tunnel on port 5000
2025-06-20 21:12:11,943 - __main__ - INFO - Starting TradingView to MT5 Bridge...
2025-06-20 21:12:11,943 - __main__ - INFO - 
MT5 Configuration:
- Account: 271395506
- Server: Exness-MT5Trial14
- Path: C:\Program Files\MetaTrader 5 EXNESS EURUSD\terminal64.exe
- Symbol Suffix: 

Trading Parameters:
- Default Volume: 0.01
- Default Stop Loss: 100
- Default Take Profit: 200

Server Configuration:
- Host: 0.0.0.0
- Port: 5000
- Debug: True

Email Alert Configuration:
- Sender: mybotalerts2@gmail.com
- Receiver: nuttakit342536@gmail.com
- SMTP Server: smtp.gmail.com:587

2025-06-20 21:12:11,944 - __main__ - INFO - Initializing MT5 connection...
2025-06-20 21:12:11,945 - app.mt5_handler - INFO - Successfully connected to MT5
2025-06-20 21:12:11,945 - __main__ - INFO - MT5 connection successful!
2025-06-20 21:12:11,946 - __main__ - INFO - Starting Flask server on 0.0.0.0:5000
2025-06-20 21:12:11,964 - werkzeug - INFO - [31m[1mWARNING: This is a development server. Do not use it in a production deployment. Use a production WSGI server instead.[0m
 * Running on all addresses (0.0.0.0)
 * Running on http://127.0.0.1:5000
 * Running on http://192.168.1.166:5000
2025-06-20 21:12:11,964 - werkzeug - INFO - [33mPress CTRL+C to quit[0m
2025-06-20 21:12:11,965 - werkzeug - INFO -  * Restarting with stat
2025-06-20 21:12:12,213 - __main__ - INFO - Running with Ngrok tunnel
2025-06-20 21:12:12,213 - __main__ - INFO - Setting up Ngrok tunnel...
2025-06-20 21:12:12,366 - __main__ - INFO - Starting Ngrok tunnel on port 5000
2025-06-20 21:12:15,215 - __main__ - INFO - Starting TradingView to MT5 Bridge...
2025-06-20 21:12:15,215 - __main__ - INFO - 
MT5 Configuration:
- Account: 271395506
- Server: Exness-MT5Trial14
- Path: C:\Program Files\MetaTrader 5 EXNESS EURUSD\terminal64.exe
- Symbol Suffix: 

Trading Parameters:
- Default Volume: 0.01
- Default Stop Loss: 100
- Default Take Profit: 200

Server Configuration:
- Host: 0.0.0.0
- Port: 5000
- Debug: True

Email Alert Configuration:
- Sender: mybotalerts2@gmail.com
- Receiver: nuttakit342536@gmail.com
- SMTP Server: smtp.gmail.com:587

2025-06-20 21:12:15,215 - __main__ - INFO - Initializing MT5 connection...
2025-06-20 21:12:15,217 - app.mt5_handler - INFO - Successfully connected to MT5
2025-06-20 21:12:15,217 - __main__ - INFO - MT5 connection successful!
2025-06-20 21:12:15,217 - __main__ - INFO - Starting Flask server on 0.0.0.0:5000
2025-06-20 21:12:15,228 - werkzeug - WARNING -  * Debugger is active!
2025-06-20 21:12:15,229 - werkzeug - INFO -  * Debugger PIN: 115-333-340
2025-06-20 21:12:16,141 - __main__ - INFO - Ngrok tunnel active!
2025-06-20 21:12:16,142 - __main__ - INFO - Webhook URL: https://907f-2001-fb1-cf-3ed3-3c98-680-c4cd-c77d.ngrok-free.app/trade
2025-06-20 21:12:16,142 - __main__ - INFO - Webhook URL saved to: webhook_url.txt
2025-06-20 21:12:19,411 - __main__ - INFO - Ngrok tunnel active!
2025-06-20 21:12:19,411 - __main__ - INFO - Webhook URL: https://907f-2001-fb1-cf-3ed3-3c98-680-c4cd-c77d.ngrok-free.app/trade
2025-06-20 21:12:19,412 - __main__ - INFO - Webhook URL saved to: webhook_url.txt
2025-06-20 21:13:20,825 - app.server - INFO - Received webhook: {'symbol': 'BTCUSD', 'action': 'short', 'volume': '2'}
2025-06-20 21:13:21,064 - app.mt5_handler - INFO - Order executed successfully: SELL 2.0 BTCUSD at 105598.18
2025-06-20 21:13:21,064 - app.server - INFO - Order successfully processed: {'action': 'sell', 'symbol': 'BTCUSD', 'volume': 2.0, 'price': 105598.18, 'ticket': 1037302508, 'success': True}
2025-06-20 21:13:21,064 - werkzeug - INFO - 127.0.0.1 - - [20/Jun/2025 21:13:21] "POST /trade HTTP/1.1" 200 -
2025-06-20 21:13:54,328 - app.server - INFO - Received webhook: {'symbol': 'BTCUSD', 'action': 'close', 'volume': '0.5'}
2025-06-20 21:13:54,328 - app.mt5_handler - INFO - Closing 0.5 lots for BTCUSD
2025-06-20 21:13:54,525 - app.mt5_handler - INFO - Closed 0.5 lots from position 1037302508
2025-06-20 21:13:54,526 - app.server - INFO - Order successfully processed: {'action': 'close', 'closed_positions': [1037302508], 'volume': 0.5}
2025-06-20 21:13:54,526 - werkzeug - INFO - 127.0.0.1 - - [20/Jun/2025 21:13:54] "POST /trade HTTP/1.1" 200 -
2025-06-20 21:15:30,043 - app.server - INFO - Received webhook: {'symbol': 'BTCUSD', 'action': 'buy', 'volume': '0.5'}
2025-06-20 21:15:30,043 - app.mt5_handler - INFO - Closing all sell positions for BTCUSD before opening buy
2025-06-20 21:15:30,234 - app.mt5_handler - INFO - Closed position 1037302508
2025-06-20 21:15:30,447 - app.mt5_handler - INFO - Order executed successfully: BUY 0.5 BTCUSD at 105592.44
2025-06-20 21:15:30,448 - app.server - INFO - Order successfully processed: {'action': 'buy', 'symbol': 'BTCUSD', 'volume': 0.5, 'price': 105592.44, 'ticket': 1037322371, 'success': True}
2025-06-20 21:15:30,448 - werkzeug - INFO - 127.0.0.1 - - [20/Jun/2025 21:15:30] "POST /trade HTTP/1.1" 200 -
2025-06-20 21:15:50,081 - app.server - INFO - Received webhook: {'symbol': 'BTCUSD', 'action': 'buuy', 'volume': '0.5'}
2025-06-20 21:15:50,082 - app.server - ERROR - Error processing webhook: Unknown or unsupported action: 'buuy'.
2025-06-20 21:15:52,855 - app.server - INFO - Successfully sent error alert email.
2025-06-20 21:15:52,855 - werkzeug - INFO - 127.0.0.1 - - [20/Jun/2025 21:15:52] "[31m[1mPOST /trade HTTP/1.1[0m" 400 -
2025-06-20 21:16:04,869 - app.server - INFO - Received webhook: {'symbol': 'BTCUSD', 'action': 'buuy', 'volume': '0.5'}
2025-06-20 21:16:04,870 - app.server - ERROR - Error processing webhook: Unknown or unsupported action: 'buuy'.
2025-06-20 21:16:07,416 - app.server - INFO - Successfully sent error alert email.
2025-06-20 21:16:07,416 - werkzeug - INFO - 127.0.0.1 - - [20/Jun/2025 21:16:07] "[31m[1mPOST /trade HTTP/1.1[0m" 400 -
2025-06-20 21:16:52,638 - app.server - INFO - Received webhook: {'symbol': '{{ticker }}', 'action': 'buy', 'volume': '0.5'}
2025-06-20 21:16:52,638 - app.mt5_handler - ERROR - Symbol {{ticker }} not found
2025-06-20 21:16:52,638 - app.server - ERROR - Error processing webhook: Order failed. MT5Handler returned a negative result.
2025-06-20 21:16:55,400 - app.server - INFO - Successfully sent error alert email.
2025-06-20 21:16:55,400 - werkzeug - INFO - 127.0.0.1 - - [20/Jun/2025 21:16:55] "[35m[1mPOST /trade HTTP/1.1[0m" 500 -
2025-06-20 21:19:04,183 - app.server - INFO - Received webhook: {'symbol': '{{ticker }}', 'action': 'buy', 'volume': '0.5'}
2025-06-20 21:19:04,183 - app.mt5_handler - ERROR - Symbol {{ticker }} not found
2025-06-20 21:19:04,184 - app.server - ERROR - Error processing webhook: Order failed. MT5Handler returned a negative result.
2025-06-20 21:19:06,837 - app.server - INFO - Successfully sent error alert email.
2025-06-20 21:19:06,837 - werkzeug - INFO - 127.0.0.1 - - [20/Jun/2025 21:19:06] "[35m[1mPOST /trade HTTP/1.1[0m" 500 -
2025-06-20 21:19:43,730 - app.server - INFO - Received webhook: {'symbol': 'BTCUSD', 'action': 'buy', 'volume': '0.5'}
2025-06-20 21:19:43,926 - app.mt5_handler - INFO - Order executed successfully: BUY 0.5 BTCUSD at 105677.64
2025-06-20 21:19:43,927 - app.server - INFO - Order successfully processed: {'action': 'buy', 'symbol': 'BTCUSD', 'volume': 0.5, 'price': 105677.64, 'ticket': 1037358843, 'success': True}
2025-06-20 21:19:43,927 - werkzeug - INFO - 127.0.0.1 - - [20/Jun/2025 21:19:43] "POST /trade HTTP/1.1" 200 -
2025-06-20 21:22:04,326 - app.server - INFO - Received webhook: {'symbol': 'BTCUSD', 'action': 'short', 'volume': '0.5'}
2025-06-20 21:22:04,327 - app.mt5_handler - INFO - Closing all buy positions for BTCUSD before opening sell
2025-06-20 21:22:04,610 - app.mt5_handler - INFO - Closed position 1037322371
2025-06-20 21:22:04,947 - app.mt5_handler - INFO - Closed position 1037358843
2025-06-20 21:22:05,277 - app.mt5_handler - INFO - Order executed successfully: SELL 0.5 BTCUSD at 105659.54
2025-06-20 21:22:05,278 - app.server - INFO - Order successfully processed: {'action': 'sell', 'symbol': 'BTCUSD', 'volume': 0.5, 'price': 105659.54, 'ticket': 1037383187, 'success': True}
2025-06-20 21:22:05,279 - werkzeug - INFO - 127.0.0.1 - - [20/Jun/2025 21:22:05] "POST /trade HTTP/1.1" 200 -
2025-06-20 21:23:03,919 - app.server - INFO - Received webhook: {'symbol': 'BTCUSD', 'action': 'long', 'volume': '0.5'}
2025-06-20 21:23:03,919 - app.mt5_handler - INFO - Closing all sell positions for BTCUSD before opening buy
2025-06-20 21:23:04,128 - app.mt5_handler - INFO - Closed position 1037383187
2025-06-20 21:23:04,356 - app.mt5_handler - INFO - Order executed successfully: BUY 0.5 BTCUSD at 105670.37
2025-06-20 21:23:04,357 - app.server - INFO - Order successfully processed: {'action': 'buy', 'symbol': 'BTCUSD', 'volume': 0.5, 'price': 105670.37, 'ticket': 1037394771, 'success': True}
2025-06-20 21:23:04,357 - werkzeug - INFO - 127.0.0.1 - - [20/Jun/2025 21:23:04] "POST /trade HTTP/1.1" 200 -
2025-06-20 21:29:12,586 - app.server - INFO - Received webhook: {'symbol': 'BTCUSD', 'action': 'short', 'volume': '0.5'}
2025-06-20 21:29:12,586 - app.mt5_handler - INFO - Closing all buy positions for BTCUSD before opening sell
2025-06-20 21:29:12,792 - app.mt5_handler - INFO - Closed position 1037394771
2025-06-20 21:29:12,992 - app.mt5_handler - INFO - Order executed successfully: SELL 0.5 BTCUSD at 105291.43
2025-06-20 21:29:12,993 - app.server - INFO - Order successfully processed: {'action': 'sell', 'symbol': 'BTCUSD', 'volume': 0.5, 'price': 105291.43, 'ticket': 1037451512, 'success': True}
2025-06-20 21:29:12,994 - werkzeug - INFO - 127.0.0.1 - - [20/Jun/2025 21:29:12] "POST /trade HTTP/1.1" 200 -
2025-06-20 21:32:04,545 - app.server - INFO - Received webhook: {'symbol': 'BTCUSD', 'action': 'long', 'volume': '0.5'}
2025-06-20 21:32:04,545 - app.mt5_handler - INFO - Closing all sell positions for BTCUSD before opening buy
2025-06-20 21:32:04,731 - app.mt5_handler - INFO - Closed position 1037451512
2025-06-20 21:32:04,952 - app.mt5_handler - INFO - Order executed successfully: BUY 0.5 BTCUSD at 105330.1
2025-06-20 21:32:04,953 - app.server - INFO - Order successfully processed: {'action': 'buy', 'symbol': 'BTCUSD', 'volume': 0.5, 'price': 105330.1, 'ticket': 1037473928, 'success': True}
2025-06-20 21:32:04,953 - werkzeug - INFO - 127.0.0.1 - - [20/Jun/2025 21:32:04] "POST /trade HTTP/1.1" 200 -
2025-06-20 21:33:17,694 - app.server - INFO - Received webhook: {'symbol': 'BTCUSD', 'action': '{strategy.order.comment}}', 'volume': '0.5'}
2025-06-20 21:33:17,694 - app.server - ERROR - Error processing webhook: Unknown or unsupported action: '{strategy.order.comment}}'.
2025-06-20 21:33:20,240 - app.server - INFO - Successfully sent error alert email.
2025-06-20 21:33:20,241 - werkzeug - INFO - 127.0.0.1 - - [20/Jun/2025 21:33:20] "[31m[1mPOST /trade HTTP/1.1[0m" 400 -
2025-06-20 21:34:03,660 - app.server - INFO - Received webhook: {'symbol': 'BTCUSD', 'action': '{strategy.order.comment}}', 'volume': '0.5'}
2025-06-20 21:34:03,660 - app.server - ERROR - Error processing webhook: Unknown or unsupported action: '{strategy.order.comment}}'.
2025-06-20 21:34:06,471 - app.server - INFO - Successfully sent error alert email.
2025-06-20 21:34:06,472 - werkzeug - INFO - 127.0.0.1 - - [20/Jun/2025 21:34:06] "[31m[1mPOST /trade HTTP/1.1[0m" 400 -
2025-06-20 21:34:14,513 - app.server - INFO - Received webhook: {'symbol': 'BTCUSD', 'action': 'short', 'volume': '0.5'}
2025-06-20 21:34:14,513 - app.mt5_handler - INFO - Closing all buy positions for BTCUSD before opening sell
2025-06-20 21:34:14,711 - app.mt5_handler - INFO - Closed position 1037473928
2025-06-20 21:34:14,922 - app.mt5_handler - INFO - Order executed successfully: SELL 0.5 BTCUSD at 105222.42
2025-06-20 21:34:14,922 - app.server - INFO - Order successfully processed: {'action': 'sell', 'symbol': 'BTCUSD', 'volume': 0.5, 'price': 105222.42, 'ticket': 1037486553, 'success': True}
2025-06-20 21:34:14,922 - werkzeug - INFO - 127.0.0.1 - - [20/Jun/2025 21:34:14] "POST /trade HTTP/1.1" 200 -
2025-06-20 21:37:02,321 - app.server - INFO - Received webhook: {'symbol': 'BTCUSD', 'action': 'long', 'volume': '0.5'}
2025-06-20 21:37:02,321 - app.mt5_handler - INFO - Closing all sell positions for BTCUSD before opening buy
2025-06-20 21:37:02,527 - app.mt5_handler - INFO - Closed position 1037486553
2025-06-20 21:37:02,714 - app.mt5_handler - INFO - Order executed successfully: BUY 0.5 BTCUSD at 105189.57
2025-06-20 21:37:02,714 - app.server - INFO - Order successfully processed: {'action': 'buy', 'symbol': 'BTCUSD', 'volume': 0.5, 'price': 105189.57, 'ticket': 1037502250, 'success': True}
2025-06-20 21:37:02,714 - werkzeug - INFO - 127.0.0.1 - - [20/Jun/2025 21:37:02] "POST /trade HTTP/1.1" 200 -
2025-06-20 21:37:02,715 - app.server - INFO - Received webhook: {'symbol': 'BTCUSD', 'action': 'short', 'volume': '0.5'}
2025-06-20 21:37:02,716 - app.mt5_handler - INFO - Closing all buy positions for BTCUSD before opening sell
2025-06-20 21:37:02,928 - app.mt5_handler - INFO - Closed position 1037502250
2025-06-20 21:37:03,131 - app.mt5_handler - INFO - Order executed successfully: SELL 0.5 BTCUSD at 105175.12
2025-06-20 21:37:03,133 - app.server - INFO - Order successfully processed: {'action': 'sell', 'symbol': 'BTCUSD', 'volume': 0.5, 'price': 105175.12, 'ticket': 1037502274, 'success': True}
2025-06-20 21:37:03,133 - werkzeug - INFO - 127.0.0.1 - - [20/Jun/2025 21:37:03] "POST /trade HTTP/1.1" 200 -
2025-06-20 21:48:25,033 - app.server - INFO - Received webhook: {'symbol': 'BTCUSD', 'action': 'long', 'volume': '0.5'}
2025-06-20 21:48:25,033 - app.mt5_handler - INFO - Closing all sell positions for BTCUSD before opening buy
2025-06-20 21:48:25,227 - app.mt5_handler - INFO - Closed position 1037502274
2025-06-20 21:48:25,512 - app.mt5_handler - INFO - Order executed successfully: BUY 0.5 BTCUSD at 104880.99
2025-06-20 21:48:25,512 - app.server - INFO - Order successfully processed: {'action': 'buy', 'symbol': 'BTCUSD', 'volume': 0.5, 'price': 104880.99, 'ticket': 1037612310, 'success': True}
2025-06-20 21:48:25,512 - werkzeug - INFO - 127.0.0.1 - - [20/Jun/2025 21:48:25] "POST /trade HTTP/1.1" 200 -
2025-06-20 22:05:09,116 - app.server - INFO - Received webhook: {'symbol': 'BTCUSD', 'action': 'short', 'volume': '0.5'}
2025-06-20 22:05:09,116 - app.mt5_handler - INFO - Closing all buy positions for BTCUSD before opening sell
2025-06-20 22:05:09,321 - app.mt5_handler - INFO - Closed position 1037612310
2025-06-20 22:05:09,529 - app.mt5_handler - INFO - Order executed successfully: SELL 0.5 BTCUSD at 104028.53
2025-06-20 22:05:09,529 - app.server - INFO - Order successfully processed: {'action': 'sell', 'symbol': 'BTCUSD', 'volume': 0.5, 'price': 104028.53, 'ticket': 1037758582, 'success': True}
2025-06-20 22:05:09,529 - werkzeug - INFO - 127.0.0.1 - - [20/Jun/2025 22:05:09] "POST /trade HTTP/1.1" 200 -
2025-06-20 22:09:05,190 - app.server - INFO - Received webhook: {'symbol': 'BTCUSD', 'action': 'long', 'volume': '0.5'}
2025-06-20 22:09:05,190 - app.mt5_handler - INFO - Closing all sell positions for BTCUSD before opening buy
2025-06-20 22:09:05,399 - app.mt5_handler - INFO - Closed position 1037758582
2025-06-20 22:09:05,625 - app.mt5_handler - INFO - Order executed successfully: BUY 0.5 BTCUSD at 104222.72
2025-06-20 22:09:05,625 - app.server - INFO - Order successfully processed: {'action': 'buy', 'symbol': 'BTCUSD', 'volume': 0.5, 'price': 104222.72, 'ticket': 1037788211, 'success': True}
2025-06-20 22:09:05,626 - werkzeug - INFO - 127.0.0.1 - - [20/Jun/2025 22:09:05] "POST /trade HTTP/1.1" 200 -
2025-06-20 22:10:19,974 - app.server - INFO - Received webhook: {'symbol': 'BTCUSD', 'action': 'short', 'volume': '0.5'}
2025-06-20 22:10:19,974 - app.mt5_handler - INFO - Closing all buy positions for BTCUSD before opening sell
2025-06-20 22:10:20,173 - app.mt5_handler - INFO - Closed position 1037788211
2025-06-20 22:10:20,368 - app.mt5_handler - INFO - Order executed successfully: SELL 0.5 BTCUSD at 104199.52
2025-06-20 22:10:20,369 - app.server - INFO - Order successfully processed: {'action': 'sell', 'symbol': 'BTCUSD', 'volume': 0.5, 'price': 104199.52, 'ticket': 1037794277, 'success': True}
2025-06-20 22:10:20,369 - werkzeug - INFO - 127.0.0.1 - - [20/Jun/2025 22:10:20] "POST /trade HTTP/1.1" 200 -
2025-06-20 22:14:16,054 - app.server - INFO - Received webhook: {'symbol': 'BTCUSD', 'action': 'long', 'volume': '0.5'}
2025-06-20 22:14:16,054 - app.mt5_handler - INFO - Closing all sell positions for BTCUSD before opening buy
2025-06-20 22:14:16,254 - app.mt5_handler - INFO - Closed position 1037794277
2025-06-20 22:14:16,483 - app.mt5_handler - INFO - Order executed successfully: BUY 0.5 BTCUSD at 104275.42
2025-06-20 22:14:16,483 - app.server - INFO - Order successfully processed: {'action': 'buy', 'symbol': 'BTCUSD', 'volume': 0.5, 'price': 104275.42, 'ticket': 1037819506, 'success': True}
2025-06-20 22:14:16,484 - werkzeug - INFO - 127.0.0.1 - - [20/Jun/2025 22:14:16] "POST /trade HTTP/1.1" 200 -
2025-06-20 22:15:11,431 - app.server - INFO - Received webhook: {'symbol': 'BTCUSD', 'action': 'short', 'volume': '0.5'}
2025-06-20 22:15:11,431 - app.mt5_handler - INFO - Closing all buy positions for BTCUSD before opening sell
2025-06-20 22:15:11,736 - app.mt5_handler - INFO - Closed position 1037819506
2025-06-20 22:15:11,952 - app.mt5_handler - INFO - Order executed successfully: SELL 0.5 BTCUSD at 104209.13
2025-06-20 22:15:11,952 - app.server - INFO - Order successfully processed: {'action': 'sell', 'symbol': 'BTCUSD', 'volume': 0.5, 'price': 104209.13, 'ticket': 1037826619, 'success': True}
2025-06-20 22:15:11,953 - werkzeug - INFO - 127.0.0.1 - - [20/Jun/2025 22:15:11] "POST /trade HTTP/1.1" 200 -
2025-06-20 22:17:09,338 - app.server - INFO - Received webhook: {'symbol': 'BTCUSD', 'action': 'long', 'volume': '0.5'}
2025-06-20 22:17:09,338 - app.mt5_handler - INFO - Closing all sell positions for BTCUSD before opening buy
2025-06-20 22:17:09,538 - app.mt5_handler - INFO - Closed position 1037826619
2025-06-20 22:17:09,745 - app.mt5_handler - INFO - Order executed successfully: BUY 0.5 BTCUSD at 104262.26
2025-06-20 22:17:09,748 - app.server - INFO - Order successfully processed: {'action': 'buy', 'symbol': 'BTCUSD', 'volume': 0.5, 'price': 104262.26, 'ticket': 1037840615, 'success': True}
2025-06-20 22:17:09,748 - werkzeug - INFO - 127.0.0.1 - - [20/Jun/2025 22:17:09] "POST /trade HTTP/1.1" 200 -
2025-06-20 22:18:44,539 - app.server - INFO - Received webhook: {'symbol': 'BTCUSD', 'action': 'short', 'volume': '0.5'}
2025-06-20 22:18:44,540 - app.mt5_handler - INFO - Closing all buy positions for BTCUSD before opening sell
2025-06-20 22:18:44,732 - app.mt5_handler - INFO - Closed position 1037840615
2025-06-20 22:18:44,934 - app.mt5_handler - INFO - Order executed successfully: SELL 0.5 BTCUSD at 104261.31
2025-06-20 22:18:44,934 - app.server - INFO - Order successfully processed: {'action': 'sell', 'symbol': 'BTCUSD', 'volume': 0.5, 'price': 104261.31, 'ticket': 1037848529, 'success': True}
2025-06-20 22:18:44,935 - werkzeug - INFO - 127.0.0.1 - - [20/Jun/2025 22:18:44] "POST /trade HTTP/1.1" 200 -
2025-06-20 22:20:08,745 - app.server - INFO - Received webhook: {'symbol': 'BTCUSD', 'action': 'long', 'volume': '0.5'}
2025-06-20 22:20:08,746 - app.mt5_handler - INFO - Closing all sell positions for BTCUSD before opening buy
2025-06-20 22:20:08,949 - app.mt5_handler - INFO - Closed position 1037848529
2025-06-20 22:20:09,153 - app.mt5_handler - INFO - Order executed successfully: BUY 0.5 BTCUSD at 104275.67
2025-06-20 22:20:09,153 - app.server - INFO - Order successfully processed: {'action': 'buy', 'symbol': 'BTCUSD', 'volume': 0.5, 'price': 104275.67, 'ticket': 1037856402, 'success': True}
2025-06-20 22:20:09,154 - werkzeug - INFO - 127.0.0.1 - - [20/Jun/2025 22:20:09] "POST /trade HTTP/1.1" 200 -
2025-06-20 22:21:03,455 - app.server - INFO - Received webhook: {'symbol': 'BTCUSD', 'action': 'short', 'volume': '0.5'}
2025-06-20 22:21:03,455 - app.mt5_handler - INFO - Closing all buy positions for BTCUSD before opening sell
2025-06-20 22:21:03,729 - app.mt5_handler - INFO - Closed position 1037856402
2025-06-20 22:21:03,986 - app.mt5_handler - INFO - Order executed successfully: SELL 0.5 BTCUSD at 104235.36
2025-06-20 22:21:03,986 - app.server - INFO - Order successfully processed: {'action': 'sell', 'symbol': 'BTCUSD', 'volume': 0.5, 'price': 104235.36, 'ticket': 1037861725, 'success': True}
2025-06-20 22:21:03,986 - werkzeug - INFO - 127.0.0.1 - - [20/Jun/2025 22:21:03] "POST /trade HTTP/1.1" 200 -
2025-06-20 22:23:13,364 - app.server - INFO - Received webhook: {'symbol': 'BTCUSD', 'action': 'long', 'volume': '0.5'}
2025-06-20 22:23:13,364 - app.mt5_handler - INFO - Closing all sell positions for BTCUSD before opening buy
2025-06-20 22:23:13,568 - app.mt5_handler - INFO - Closed position 1037861725
2025-06-20 22:23:13,779 - app.mt5_handler - INFO - Order executed successfully: BUY 0.5 BTCUSD at 104274.09
2025-06-20 22:23:13,779 - app.server - INFO - Order successfully processed: {'action': 'buy', 'symbol': 'BTCUSD', 'volume': 0.5, 'price': 104274.09, 'ticket': 1037877218, 'success': True}
2025-06-20 22:23:13,780 - werkzeug - INFO - 127.0.0.1 - - [20/Jun/2025 22:23:13] "POST /trade HTTP/1.1" 200 -
2025-06-20 22:24:57,265 - app.server - INFO - Received webhook: {'symbol': 'BTCUSD', 'action': 'short', 'volume': '0.5'}
2025-06-20 22:24:57,265 - app.mt5_handler - INFO - Closing all buy positions for BTCUSD before opening sell
2025-06-20 22:24:57,471 - app.mt5_handler - INFO - Closed position 1037877218
2025-06-20 22:24:57,683 - app.mt5_handler - INFO - Order executed successfully: SELL 0.5 BTCUSD at 104243.84
2025-06-20 22:24:57,683 - app.server - INFO - Order successfully processed: {'action': 'sell', 'symbol': 'BTCUSD', 'volume': 0.5, 'price': 104243.84, 'ticket': 1037885472, 'success': True}
2025-06-20 22:24:57,684 - werkzeug - INFO - 127.0.0.1 - - [20/Jun/2025 22:24:57] "POST /trade HTTP/1.1" 200 -
2025-06-20 22:25:17,865 - app.server - INFO - Received webhook: {'symbol': 'BTCUSD', 'action': 'long', 'volume': '0.5'}
2025-06-20 22:25:17,865 - app.mt5_handler - INFO - Closing all sell positions for BTCUSD before opening buy
2025-06-20 22:25:18,072 - app.mt5_handler - INFO - Closed position 1037885472
2025-06-20 22:25:18,273 - app.mt5_handler - INFO - Order executed successfully: BUY 0.5 BTCUSD at 104288.87
2025-06-20 22:25:18,273 - app.server - INFO - Order successfully processed: {'action': 'buy', 'symbol': 'BTCUSD', 'volume': 0.5, 'price': 104288.87, 'ticket': 1037887193, 'success': True}
2025-06-20 22:25:18,274 - werkzeug - INFO - 127.0.0.1 - - [20/Jun/2025 22:25:18] "POST /trade HTTP/1.1" 200 -
2025-06-20 22:26:10,967 - app.server - INFO - Received webhook: {'symbol': 'BTCUSD', 'action': 'short', 'volume': '0.5'}
2025-06-20 22:26:10,967 - app.mt5_handler - INFO - Closing all buy positions for BTCUSD before opening sell
2025-06-20 22:26:11,179 - app.mt5_handler - INFO - Closed position 1037887193
2025-06-20 22:26:11,384 - app.mt5_handler - INFO - Order executed successfully: SELL 0.5 BTCUSD at 104249.33
2025-06-20 22:26:11,384 - app.server - INFO - Order successfully processed: {'action': 'sell', 'symbol': 'BTCUSD', 'volume': 0.5, 'price': 104249.33, 'ticket': 1037893437, 'success': True}
2025-06-20 22:26:11,385 - werkzeug - INFO - 127.0.0.1 - - [20/Jun/2025 22:26:11] "POST /trade HTTP/1.1" 200 -
2025-06-20 22:27:03,365 - app.server - INFO - Received webhook: {'symbol': 'BTCUSD', 'action': 'long', 'volume': '0.5'}
2025-06-20 22:27:03,365 - app.mt5_handler - INFO - Closing all sell positions for BTCUSD before opening buy
2025-06-20 22:27:03,579 - app.mt5_handler - INFO - Closed position 1037893437
2025-06-20 22:27:03,792 - app.mt5_handler - INFO - Order executed successfully: BUY 0.5 BTCUSD at 104297.38
2025-06-20 22:27:03,793 - app.server - INFO - Order successfully processed: {'action': 'buy', 'symbol': 'BTCUSD', 'volume': 0.5, 'price': 104297.38, 'ticket': 1037898003, 'success': True}
2025-06-20 22:27:03,794 - werkzeug - INFO - 127.0.0.1 - - [20/Jun/2025 22:27:03] "POST /trade HTTP/1.1" 200 -
2025-06-20 22:29:28,170 - app.server - INFO - Received webhook: {'symbol': 'BTCUSD', 'action': 'short', 'volume': '0.5'}
2025-06-20 22:29:28,171 - app.mt5_handler - INFO - Closing all buy positions for BTCUSD before opening sell
2025-06-20 22:29:28,379 - app.mt5_handler - INFO - Closed position 1037898003
2025-06-20 22:29:28,624 - app.mt5_handler - INFO - Order executed successfully: SELL 0.5 BTCUSD at 104295.84
2025-06-20 22:29:28,625 - app.server - INFO - Order successfully processed: {'action': 'sell', 'symbol': 'BTCUSD', 'volume': 0.5, 'price': 104295.84, 'ticket': 1037910873, 'success': True}
2025-06-20 22:29:28,625 - werkzeug - INFO - 127.0.0.1 - - [20/Jun/2025 22:29:28] "POST /trade HTTP/1.1" 200 -
2025-06-20 22:30:44,509 - app.server - INFO - Received webhook: {'symbol': 'BTCUSD', 'action': 'long', 'volume': '0.5'}
2025-06-20 22:30:44,509 - app.mt5_handler - INFO - Closing all sell positions for BTCUSD before opening buy
2025-06-20 22:30:44,697 - app.mt5_handler - INFO - Closed position 1037910873
2025-06-20 22:30:44,895 - app.mt5_handler - INFO - Order executed successfully: BUY 0.5 BTCUSD at 104284.35
2025-06-20 22:30:44,895 - app.server - INFO - Order successfully processed: {'action': 'buy', 'symbol': 'BTCUSD', 'volume': 0.5, 'price': 104284.35, 'ticket': 1037917720, 'success': True}
2025-06-20 22:30:44,896 - werkzeug - INFO - 127.0.0.1 - - [20/Jun/2025 22:30:44] "POST /trade HTTP/1.1" 200 -
2025-06-20 22:31:04,422 - app.server - INFO - Received webhook: {'symbol': 'BTCUSD', 'action': 'short', 'volume': '0.5'}
2025-06-20 22:31:04,422 - app.mt5_handler - INFO - Closing all buy positions for BTCUSD before opening sell
2025-06-20 22:31:04,636 - app.mt5_handler - INFO - Closed position 1037917720
2025-06-20 22:31:04,826 - app.mt5_handler - INFO - Order executed successfully: SELL 0.5 BTCUSD at 104257.11
2025-06-20 22:31:04,826 - app.server - INFO - Order successfully processed: {'action': 'sell', 'symbol': 'BTCUSD', 'volume': 0.5, 'price': 104257.11, 'ticket': 1037919579, 'success': True}
2025-06-20 22:31:04,827 - werkzeug - INFO - 127.0.0.1 - - [20/Jun/2025 22:31:04] "POST /trade HTTP/1.1" 200 -
2025-06-20 22:33:05,593 - app.server - INFO - Received webhook: {'symbol': 'BTCUSD', 'action': 'long', 'volume': '0.5'}
2025-06-20 22:33:05,593 - app.mt5_handler - INFO - Closing all sell positions for BTCUSD before opening buy
2025-06-20 22:33:05,787 - app.mt5_handler - INFO - Closed position 1037919579
2025-06-20 22:33:05,981 - app.mt5_handler - INFO - Order executed successfully: BUY 0.5 BTCUSD at 104262.67
2025-06-20 22:33:05,981 - app.server - INFO - Order successfully processed: {'action': 'buy', 'symbol': 'BTCUSD', 'volume': 0.5, 'price': 104262.67, 'ticket': 1037930388, 'success': True}
2025-06-20 22:33:05,982 - werkzeug - INFO - 127.0.0.1 - - [20/Jun/2025 22:33:05] "POST /trade HTTP/1.1" 200 -
